<?xml version="1.0" encoding="UTF-8"?>
<!-- Generated by org.testng.reporters.JUnitReportReporter -->
<testsuite hostname="192-180-005-027.res.spectrum.com" failures="0" tests="1" name="cuesz.membersummarytest.advocate.Case34_01_MS_VO2assigntomembertest" time="33.344" errors="0" timestamp="22 Dec 2023 06:52:05 GMT" skipped="0">
  <testcase classname="cuesz.membersummarytest.advocate.Case34_01_MS_VO2assigntomembertest" name="advocatebodyscanresultTest" time="33.344"/>
</testsuite> <!-- cuesz.membersummarytest.advocate.Case34_01_MS_VO2assigntomembertest -->
