<?xml version="1.0" encoding="UTF-8"?>
<!-- Generated by org.testng.reporters.JUnitReportReporter -->
<testsuite hostname="Taraniya" failures="0" tests="1" name="cuesz.schdule.coach.Case01_createventtest" time="13.083" errors="0" timestamp="2023-08-12T22:45:55 IST" skipped="0">
  <testcase classname="cuesz.schdule.coach.Case01_createventtest" name="CaochScheduleEventTest" time="13.083"/>
  <system-out/>
</testsuite> <!-- cuesz.schdule.coach.Case01_createventtest -->
