<?xml version="1.0" encoding="UTF-8"?>
<!-- Generated by org.testng.reporters.JUnitReportReporter -->
<testsuite hostname="cpe-192-180-0-80.kya.res.rr.com" failures="0" tests="1" name="dashboard.advocate.Step12_DB_navlinktest" time="37.523" errors="0" timestamp="2023-08-24T16:02:59 IST" skipped="0">
  <testcase classname="dashboard.advocate.Step12_DB_navlinktest" name="advocateScheduleEventTest" time="37.523"/>
</testsuite> <!-- dashboard.advocate.Step12_DB_navlinktest -->
