<?xml version="1.0" encoding="UTF-8"?>
<!-- Generated by org.testng.reporters.JUnitReportReporter -->
<testsuite hostname="cpe-192-180-5-27.kya.res.rr.com" failures="0" tests="1" name="cuesz.logictest.advocate.Case35_MSL_MemberWilingnessLimitationScoretest" time="36.722" errors="0" timestamp="25 Sept 2023 17:13:03 GMT" skipped="0">
  <testcase classname="cuesz.logictest.advocate.Case35_MSL_MemberWilingnessLimitationScoretest" name="advocatelogicmemberTest" time="36.722"/>
</testsuite> <!-- cuesz.logictest.advocate.Case35_MSL_MemberWilingnessLimitationScoretest -->
