<?xml version="1.0" encoding="UTF-8"?>
<!-- Generated by org.testng.reporters.JUnitReportReporter -->
<testsuite hostname="cpe-192-180-5-27.kya.res.rr.com" failures="0" tests="1" name="cuesz.schduletest.advocate.Case12_03_SE_create_staffevent" time="32.304" errors="0" timestamp="06 Oct 2023 18:25:46 GMT" skipped="0">
  <testcase classname="cuesz.schduletest.advocate.Case12_03_SE_create_staffevent" name="advocatecreatestaffEventTest" time="32.304"/>
</testsuite> <!-- cuesz.schduletest.advocate.Case12_03_SE_create_staffevent -->
