<?xml version="1.0" encoding="UTF-8"?>
<!-- Generated by org.testng.reporters.JUnitReportReporter -->
<testsuite hostname="cpe-192-180-5-27.kya.res.rr.com" failures="0" tests="1" name="cuesz02.Iosapp_member_home_PerformScreen.Case15_Perform_movetocurrent" time="26.467" errors="0" timestamp="25 Oct 2023 06:41:06 GMT" skipped="0">
  <testcase classname="cuesz02.Iosapp_member_home_PerformScreen.Case15_Perform_movetocurrent" name="perfom_movetocurrentactivtity" time="26.467"/>
</testsuite> <!-- cuesz02.Iosapp_member_home_PerformScreen.Case15_Perform_movetocurrent -->
