<?xml version="1.0" encoding="UTF-8"?>
<!-- Generated by org.testng.reporters.JUnitReportReporter -->
<testsuite hostname="192-180-005-027.res.spectrum.com" failures="0" tests="1" name="cuesz01.Iosapp_member_homeScreen.Case01_Login" time="47.323" errors="0" timestamp="22 Dec 2023 08:19:50 GMT" skipped="0">
  <testcase classname="cuesz01.Iosapp_member_homeScreen.Case01_Login" name="login" time="47.323"/>
</testsuite> <!-- cuesz01.Iosapp_member_homeScreen.Case01_Login -->
