<?xml version="1.0" encoding="UTF-8"?>
<!-- Generated by org.testng.reporters.JUnitReportReporter -->
<testsuite hostname="cpe-192-180-0-80.kya.res.rr.com" failures="0" tests="1" name="cuesz.membersummarygraph.advocate.Case62_Mastercorelationtest" time="36.330" errors="0" timestamp="2023-09-07T12:38:13 IST" skipped="0">
  <testcase classname="cuesz.membersummarygraph.advocate.Case62_Mastercorelationtest" name="advocateMemberhoverTest" time="36.330"/>
</testsuite> <!-- cuesz.membersummarygraph.advocate.Case62_Mastercorelationtest -->
