<?xml version="1.0" encoding="UTF-8"?>
<!-- Generated by org.testng.reporters.JUnitReportReporter -->
<testsuite hostname="cpe-192-180-5-27.kya.res.rr.com" failures="0" tests="1" name="cuesz.schduletest.advocate.Case12_02_SE_createvent_withpastdate" time="24.766" errors="0" timestamp="21 Nov 2023 09:14:24 GMT" skipped="0">
  <testcase classname="cuesz.schduletest.advocate.Case12_02_SE_createvent_withpastdate" name="advocateSchedulewithpastdateEventTest" time="24.766"/>
</testsuite> <!-- cuesz.schduletest.advocate.Case12_02_SE_createvent_withpastdate -->
