<?xml version="1.0" encoding="UTF-8"?>
<!-- Generated by org.testng.reporters.JUnitReportReporter -->
<testsuite hostname="Taraniya" failures="0" tests="1" name="cuesz.schduletest.Case01_createventtest" time="12.788" errors="0" timestamp="2023-08-12T22:10:02 IST" skipped="0">
  <testcase classname="cuesz.schduletest.Case01_createventtest" name="advocateScheduleEventTest" time="12.788"/>
  <system-out/>
</testsuite> <!-- cuesz.schduletest.Case01_createventtest -->
