<?xml version="1.0" encoding="UTF-8"?>
<!-- Generated by org.testng.reporters.JUnitReportReporter -->
<testsuite hostname="cpe-192-180-5-27.kya.res.rr.com" failures="0" tests="1" name="cuesz.membersummarygraph.advocate.Case62_Mastercorelationtest14daystest" time="25.210" errors="0" timestamp="23 Sept 2023 03:03:13 GMT" skipped="0">
  <testcase classname="cuesz.membersummarygraph.advocate.Case62_Mastercorelationtest14daystest" name="advocateMemberhoverTest" time="25.210"/>
</testsuite> <!-- cuesz.membersummarygraph.advocate.Case62_Mastercorelationtest14daystest -->
