<?xml version="1.0" encoding="UTF-8"?>
<!-- Generated by org.testng.reporters.JUnitReportReporter -->
<testsuite hostname="192-180-005-027.res.spectrum.com" failures="0" tests="1" name="cuesz.schduletest.advocate.Step12_11_SE_createventtimelongerthan15minformebercalltest" time="48.413" errors="0" timestamp="20 Dec 2023 11:08:30 GMT" skipped="0">
  <testcase classname="cuesz.schduletest.advocate.Step12_11_SE_createventtimelongerthan15minformebercalltest" name="advocateSchedulefromcalendarEventTest" time="48.413"/>
</testsuite> <!-- cuesz.schduletest.advocate.Step12_11_SE_createventtimelongerthan15minformebercalltest -->
