<?xml version="1.0" encoding="UTF-8"?>
<!-- Generated by org.testng.reporters.JUnitReportReporter -->
<testsuite hostname="cpe-192-180-5-27.kya.res.rr.com" failures="0" tests="1" name="cuesz.membercommunication.advocate.Case76_chattomemberredirectiontest" time="12.279" errors="0" timestamp="23 Sept 2023 03:07:26 GMT" skipped="0">
  <testcase classname="cuesz.membercommunication.advocate.Case76_chattomemberredirectiontest" name="advocatecmembercommunictaeTest" time="12.279"/>
</testsuite> <!-- cuesz.membercommunication.advocate.Case76_chattomemberredirectiontest -->
