<?xml version="1.0" encoding="UTF-8"?>
<!-- Generated by org.testng.reporters.JUnitReportReporter -->
<testsuite hostname="192-180-005-027.res.spectrum.com" failures="0" tests="1" name="cuesz.logictest.advocate.Case45_MSL_restore_currenttest" time="78.401" errors="0" timestamp="22 Dec 2023 12:01:17 GMT" skipped="0">
  <testcase classname="cuesz.logictest.advocate.Case45_MSL_restore_currenttest" name="advocatelogicmemberTest" time="78.401"/>
</testsuite> <!-- cuesz.logictest.advocate.Case45_MSL_restore_currenttest -->
