<?xml version="1.0" encoding="UTF-8"?>
<!-- Generated by org.testng.reporters.JUnitReportReporter -->
<testsuite hostname="cpe-192-180-0-80.kya.res.rr.com" failures="0" tests="1" name="dashboard.advocate.Step13_DB_notificationtest" time="38.704" errors="0" timestamp="2023-08-24T16:06:05 IST" skipped="0">
  <testcase classname="dashboard.advocate.Step13_DB_notificationtest" name="advocateScheduleEventTest" time="38.704"/>
</testsuite> <!-- dashboard.advocate.Step13_DB_notificationtest -->
