<?xml version="1.0" encoding="UTF-8"?>
<!-- Generated by org.testng.reporters.JUnitReportReporter -->
<testsuite hostname="192-180-005-027.res.spectrum.com" failures="0" tests="1" name="cuesz01.Iosapp_member_homeScreen.Case05_Homescreen_forward_backwardarrows" time="60.472" errors="0" timestamp="20 Dec 2023 10:54:43 GMT" skipped="0">
  <testcase classname="cuesz01.Iosapp_member_homeScreen.Case05_Homescreen_forward_backwardarrows" name="Homescreenarrows" time="60.472"/>
</testsuite> <!-- cuesz01.Iosapp_member_homeScreen.Case05_Homescreen_forward_backwardarrows -->
