<?xml version="1.0" encoding="UTF-8"?>
<!-- Generated by org.testng.reporters.JUnitReportReporter -->
<testsuite hostname="cpe-192-180-0-81.kya.res.rr.com" failures="0" tests="1" name="cuesz.schduletest.advocate.Case12_05_SE_edit_staffevent" time="34.731" errors="0" timestamp="2023-08-17T15:06:06 IST" skipped="0">
  <testcase classname="cuesz.schduletest.advocate.Case12_05_SE_edit_staffevent" name="advocateScheduleEventTest" time="34.731"/>
</testsuite> <!-- cuesz.schduletest.advocate.Case12_05_SE_edit_staffevent -->
