<?xml version="1.0" encoding="UTF-8"?>
<!-- Generated by org.testng.reporters.JUnitReportReporter -->
<testsuite hostname="cpe-192-180-0-80.kya.res.rr.com" failures="0" tests="1" name="cuesz.logintest.CoachLogin" time="5.650" errors="0" timestamp="2023-08-31T12:30:57 IST" skipped="0">
  <testcase classname="cuesz.logintest.CoachLogin" name="testCoachLogin" time="5.650"/>
</testsuite> <!-- cuesz.logintest.CoachLogin -->
