<?xml version="1.0" encoding="UTF-8"?>
<!-- Generated by org.testng.reporters.JUnitReportReporter -->
<testsuite hostname="cpe-192-180-5-27.kya.res.rr.com" failures="0" tests="1" name="cuesz.membercommunication.advocate.Case47_Membersearchtest" time="55.793" errors="0" timestamp="08 Dec 2023 08:13:44 GMT" skipped="0">
  <testcase classname="cuesz.membercommunication.advocate.Case47_Membersearchtest" name="advocatecmembercommunictaeTest" time="55.793"/>
</testsuite> <!-- cuesz.membercommunication.advocate.Case47_Membersearchtest -->
