<?xml version="1.0" encoding="UTF-8"?>
<!-- Generated by org.testng.reporters.JUnitReportReporter -->
<testsuite hostname="192-180-005-027.res.spectrum.com" failures="0" tests="1" name="cuesz.schduletest.advocate.Case05_daymonthweektest" time="15.040" errors="0" timestamp="28 Dec 2023 08:17:32 GMT" skipped="0">
  <testcase classname="cuesz.schduletest.advocate.Case05_daymonthweektest" name="advocateScheduleEventdaymonthweekTest" time="15.040"/>
</testsuite> <!-- cuesz.schduletest.advocate.Case05_daymonthweektest -->
