<?xml version="1.0" encoding="UTF-8"?>
<!-- Generated by org.testng.reporters.JUnitReportReporter -->
<testsuite hostname="cpe-192-180-5-27.kya.res.rr.com" failures="0" tests="1" name="cuesz.membersummarygraph.advocate.Case79_WeeklyAndMonthlySummariestest" time="52.495" errors="0" timestamp="25 Sept 2023 17:58:54 GMT" skipped="0">
  <testcase classname="cuesz.membersummarygraph.advocate.Case79_WeeklyAndMonthlySummariestest" name="advocateMemberhoverTest" time="52.495"/>
</testsuite> <!-- cuesz.membersummarygraph.advocate.Case79_WeeklyAndMonthlySummariestest -->
