<?xml version="1.0" encoding="UTF-8"?>
<!-- Generated by org.testng.reporters.JUnitReportReporter -->
<testsuite hostname="Taraniya" failures="0" tests="1" name="cuesz.membersummarytest.advocate.Case30_MS_Deletenewgoaltest" time="97.312" errors="0" timestamp="2023-11-05T21:20:48 IST" skipped="0">
  <testcase classname="cuesz.membersummarytest.advocate.Case30_MS_Deletenewgoaltest" name="advocatdeletegoaltTest" time="97.312"/>
  <system-out/>
</testsuite> <!-- cuesz.membersummarytest.advocate.Case30_MS_Deletenewgoaltest -->
