<?xml version="1.0" encoding="UTF-8"?>
<!-- Generated by org.testng.reporters.JUnitReportReporter -->
<testsuite hostname="cpe-192-180-0-80.kya.res.rr.com" failures="0" tests="1" name="dashboard.coach.Step15_DB_navlinkcoachtest" time="21.634" errors="0" timestamp="2023-08-24T16:26:15 IST" skipped="0">
  <testcase classname="dashboard.coach.Step15_DB_navlinkcoachtest" name="advocateScheduleEventTest" time="21.634"/>
</testsuite> <!-- dashboard.coach.Step15_DB_navlinkcoachtest -->
