<?xml version="1.0" encoding="UTF-8"?>
<!-- Generated by org.testng.reporters.JUnitReportReporter -->
<testsuite hostname="cpe-192-180-5-27.kya.res.rr.com" failures="0" tests="1" name="cuesz01.Iosapp_member_homeScreen.Case01_Login" time="43.490" errors="0" timestamp="25 Oct 2023 06:37:53 GMT" skipped="0">
  <testcase classname="cuesz01.Iosapp_member_homeScreen.Case01_Login" name="login" time="43.490"/>
</testsuite> <!-- cuesz01.Iosapp_member_homeScreen.Case01_Login -->
