<?xml version="1.0" encoding="UTF-8"?>
<!-- Generated by org.testng.reporters.JUnitReportReporter -->
<testsuite hostname="cpe-192-180-5-27.kya.res.rr.com" failures="0" tests="1" name="cuesz.membercommunication.advocate.Case46_Membercommunictaiontest" time="10.085" errors="0" timestamp="06 Oct 2023 18:01:41 GMT" skipped="0">
  <testcase classname="cuesz.membercommunication.advocate.Case46_Membercommunictaiontest" name="advocatecmembercommunictaeTest" time="10.085"/>
</testsuite> <!-- cuesz.membercommunication.advocate.Case46_Membercommunictaiontest -->
