<?xml version="1.0" encoding="UTF-8"?>
<!-- Generated by org.testng.reporters.JUnitReportReporter -->
<testsuite hostname="192-180-005-027.res.spectrum.com" failures="0" tests="1" name="cuesz01.Iosapp_member_homeScreen.Case08_Homescreen_notification" time="25.237" errors="0" timestamp="20 Dec 2023 11:05:06 GMT" skipped="0">
  <testcase classname="cuesz01.Iosapp_member_homeScreen.Case08_Homescreen_notification" name="Homes_notification" time="25.237"/>
</testsuite> <!-- cuesz01.Iosapp_member_homeScreen.Case08_Homescreen_notification -->
