<?xml version="1.0" encoding="UTF-8"?>
<!-- Generated by org.testng.reporters.JUnitReportReporter -->
<testsuite hostname="cpe-192-180-5-27.kya.res.rr.com" failures="0" tests="1" name="cuesz.schduletest.advocate.Case12_05_SE_edit_staffevent" time="31.961" errors="0" timestamp="06 Oct 2023 18:27:08 GMT" skipped="0">
  <testcase classname="cuesz.schduletest.advocate.Case12_05_SE_edit_staffevent" name="advocateeditstaffEventTest" time="31.961"/>
</testsuite> <!-- cuesz.schduletest.advocate.Case12_05_SE_edit_staffevent -->
