<?xml version="1.0" encoding="UTF-8"?>
<!-- Generated by org.testng.reporters.JUnitReportReporter -->
<testsuite hostname="cpe-192-180-3-148.kya.res.rr.com" failures="0" tests="1" name="cuesz.logintest.AdvocateLogin" time="4.978" errors="0" timestamp="2023-08-16T14:55:18 IST" skipped="0">
  <testcase classname="cuesz.logintest.AdvocateLogin" name="testAdvocateLogin" time="4.978"/>
  <system-out/>
</testsuite> <!-- cuesz.logintest.AdvocateLogin -->
