<?xml version="1.0" encoding="UTF-8"?>
<!-- Generated by org.testng.reporters.JUnitReportReporter -->
<testsuite hostname="cpe-192-180-0-80.kya.res.rr.com" failures="0" tests="1" name="cuesz.logictest.advocate.Case34_MSL_MemberBasicinfotest" time="75.593" errors="0" timestamp="2023-09-04T19:28:40 IST" skipped="0">
  <testcase classname="cuesz.logictest.advocate.Case34_MSL_MemberBasicinfotest" name="advocatelogicmemberTest" time="75.593"/>
</testsuite> <!-- cuesz.logictest.advocate.Case34_MSL_MemberBasicinfotest -->
