<?xml version="1.0" encoding="UTF-8"?>
<!-- Generated by org.testng.reporters.JUnitReportReporter -->
<testsuite hostname="cpe-192-180-5-27.kya.res.rr.com" failures="0" tests="1" name="cuesz01.Iosapp_member_homeScreen.Case01_Login" time="41.144" errors="0" timestamp="01 Dec 2023 07:39:07 GMT" skipped="0">
  <testcase classname="cuesz01.Iosapp_member_homeScreen.Case01_Login" name="login" time="41.144"/>
</testsuite> <!-- cuesz01.Iosapp_member_homeScreen.Case01_Login -->
