<?xml version="1.0" encoding="UTF-8"?>
<!-- Generated by org.testng.reporters.JUnitReportReporter -->
<testsuite hostname="cpe-192-180-5-27.kya.res.rr.com" failures="0" tests="1" name="cuesz.schduletest.advocate.Case12_02_SE_createvent_withpastdate" time="24.675" errors="0" timestamp="06 Oct 2023 18:20:16 GMT" skipped="0">
  <testcase classname="cuesz.schduletest.advocate.Case12_02_SE_createvent_withpastdate" name="advocateSchedulewithpastdateEventTest" time="24.675"/>
</testsuite> <!-- cuesz.schduletest.advocate.Case12_02_SE_createvent_withpastdate -->
