<?xml version="1.0" encoding="UTF-8"?>
<!-- Generated by org.testng.reporters.JUnitReportReporter -->
<testsuite hostname="cpe-192-180-0-80.kya.res.rr.com" failures="0" tests="1" name="cuesz.dashboard.advocate.Step14_DB_MessgNotificationtest" time="27.348" errors="0" timestamp="2023-09-15T11:31:47 IST" skipped="0">
  <testcase classname="cuesz.dashboard.advocate.Step14_DB_MessgNotificationtest" name="advocateScheduleEventTest" time="27.348"/>
</testsuite> <!-- cuesz.dashboard.advocate.Step14_DB_MessgNotificationtest -->
