<?xml version="1.0" encoding="UTF-8"?>
<!-- Generated by org.testng.reporters.JUnitReportReporter -->
<testsuite hostname="Taraniya" failures="0" tests="1" name="cuesz.membercommunication.advocate.Case46_Membercommunictaiontest" time="16.972" errors="0" timestamp="2023-08-27T20:40:37 IST" skipped="0">
  <testcase classname="cuesz.membercommunication.advocate.Case46_Membercommunictaiontest" name="advocatelogicmemberTest" time="16.972"/>
  <system-out/>
</testsuite> <!-- cuesz.membercommunication.advocate.Case46_Membercommunictaiontest -->
