<?xml version="1.0" encoding="UTF-8"?>
<!-- Generated by org.testng.reporters.JUnitReportReporter -->
<testsuite hostname="cpe-192-180-0-80.kya.res.rr.com" failures="0" tests="1" name="cuesz.logictest.advocate.Case35_MSL_MemberWilingnessLimitationScoretest" time="61.038" errors="0" timestamp="2023-08-25T17:22:32 IST" skipped="0">
  <testcase classname="cuesz.logictest.advocate.Case35_MSL_MemberWilingnessLimitationScoretest" name="advocatelogicmemberTest" time="61.038"/>
</testsuite> <!-- cuesz.logictest.advocate.Case35_MSL_MemberWilingnessLimitationScoretest -->
