<?xml version="1.0" encoding="UTF-8"?>
<!-- Generated by org.testng.reporters.JUnitReportReporter -->
<testsuite hostname="cpe-192-180-5-27.kya.res.rr.com" failures="0" tests="1" name="cuesz.membersummarytest.advocate.Case34_01_MS_VO2assigntomembertest" time="32.809" errors="0" timestamp="25 Oct 2023 06:36:26 GMT" skipped="0">
  <testcase classname="cuesz.membersummarytest.advocate.Case34_01_MS_VO2assigntomembertest" name="advocatebodyscanresultTest" time="32.809"/>
</testsuite> <!-- cuesz.membersummarytest.advocate.Case34_01_MS_VO2assigntomembertest -->
