<?xml version="1.0" encoding="UTF-8"?>
<!-- Generated by org.testng.reporters.JUnitReportReporter -->
<testsuite hostname="cpe-192-180-0-80.kya.res.rr.com" failures="0" tests="1" name="cuesz.schduletest.advocate.Case06_SE_withouttime" time="32.932" errors="0" timestamp="2023-09-12T13:02:08 IST" skipped="0">
  <testcase classname="cuesz.schduletest.advocate.Case06_SE_withouttime" name="advocateSchedulewithoutimeTest" time="32.932"/>
</testsuite> <!-- cuesz.schduletest.advocate.Case06_SE_withouttime -->
