<?xml version="1.0" encoding="UTF-8"?>
<!-- Generated by org.testng.reporters.JUnitReportReporter -->
<testsuite hostname="Taraniya" failures="0" tests="1" name="cuesz.schduletest.advocate.Case03_editeventtest" time="45.063" errors="0" timestamp="2023-08-13T00:13:29 IST" skipped="0">
  <testcase classname="cuesz.schduletest.advocate.Case03_editeventtest" name="advocateScheduleEventTest" time="45.063"/>
  <system-out/>
</testsuite> <!-- cuesz.schduletest.advocate.Case03_editeventtest -->
