<?xml version="1.0" encoding="UTF-8"?>
<!-- Generated by org.testng.reporters.JUnitReportReporter -->
<testsuite hostname="cpe-192-180-0-80.kya.res.rr.com" failures="0" tests="1" name="cuesz.membersummarytest.advocate.Case71_MS_bodyscancomparetest" time="63.005" errors="0" timestamp="2023-09-19T15:00:37 IST" skipped="0">
  <testcase classname="cuesz.membersummarytest.advocate.Case71_MS_bodyscancomparetest" name="advocatebodyscanresultTest" time="63.005"/>
</testsuite> <!-- cuesz.membersummarytest.advocate.Case71_MS_bodyscancomparetest -->
