<?xml version="1.0" encoding="UTF-8"?>
<!-- Generated by org.testng.reporters.JUnitReportReporter -->
<testsuite hostname="Taraniya" failures="0" tests="1" name="cuesz.logictest.advocate.Case36_MSL_Staffnotestest" time="98.695" errors="0" timestamp="2023-09-24T06:59:53 IST" skipped="0">
  <testcase classname="cuesz.logictest.advocate.Case36_MSL_Staffnotestest" name="advocatelogicmemberTest" time="98.695"/>
  <system-out/>
</testsuite> <!-- cuesz.logictest.advocate.Case36_MSL_Staffnotestest -->
