<?xml version="1.0" encoding="UTF-8"?>
<!-- Generated by org.testng.reporters.JUnitReportReporter -->
<testsuite hostname="Taraniya" failures="0" tests="1" name="cuesz.logintest.CoachLogin" time="5.041" errors="0" timestamp="2023-09-10T16:44:51 IST" skipped="0">
  <testcase classname="cuesz.logintest.CoachLogin" name="testCoachLogin" time="5.041"/>
  <system-out/>
</testsuite> <!-- cuesz.logintest.CoachLogin -->
