<?xml version="1.0" encoding="UTF-8"?>
<!-- Generated by org.testng.reporters.JUnitReportReporter -->
<testsuite hostname="cpe-192-180-5-27.kya.res.rr.com" failures="0" tests="1" name="cuesz.membersummarytest.advocate.Case28_MS_Addnewgoaltest" time="37.019" errors="0" timestamp="25 Sept 2023 17:35:38 GMT" skipped="0">
  <testcase classname="cuesz.membersummarytest.advocate.Case28_MS_Addnewgoaltest" name="advocateAddnewgoalTest" time="37.019"/>
</testsuite> <!-- cuesz.membersummarytest.advocate.Case28_MS_Addnewgoaltest -->
