<?xml version="1.0" encoding="UTF-8"?>
<!-- Generated by org.testng.reporters.JUnitReportReporter -->
<testsuite hostname="cpe-192-180-0-80.kya.res.rr.com" failures="0" tests="1" name="cuesz.membersummary.fuelreport.advocate.Case68_Fueldashboardconditionnputtest" time="81.171" errors="0" timestamp="2023-09-15T11:55:10 IST" skipped="0">
  <testcase classname="cuesz.membersummary.fuelreport.advocate.Case68_Fueldashboardconditionnputtest" name="advocateMemberhoverTest" time="81.171"/>
</testsuite> <!-- cuesz.membersummary.fuelreport.advocate.Case68_Fueldashboardconditionnputtest -->
