<?xml version="1.0" encoding="UTF-8"?>
<!-- Generated by org.testng.reporters.JUnitReportReporter -->
<testsuite hostname="cpe-192-180-5-27.kya.res.rr.com" failures="0" tests="1" name="cuesz.Iosapp.Case02_Homescreen" time="29.362" errors="0" timestamp="25 Sept 2023 08:26:49 GMT" skipped="0">
  <testcase classname="cuesz.Iosapp.Case02_Homescreen" name="Homescreen" time="29.362"/>
</testsuite> <!-- cuesz.Iosapp.Case02_Homescreen -->
