<?xml version="1.0" encoding="UTF-8"?>
<!-- Generated by org.testng.reporters.JUnitReportReporter -->
<testsuite hostname="cpe-192-180-5-27.kya.res.rr.com" failures="0" tests="1" name="cuesz.logictest.advocate.Case34_MSL_MemberBasicinfotest" time="51.128" errors="0" timestamp="06 Oct 2023 17:28:54 GMT" skipped="0">
  <testcase classname="cuesz.logictest.advocate.Case34_MSL_MemberBasicinfotest" name="advocatelogicmemberTest" time="51.128"/>
</testsuite> <!-- cuesz.logictest.advocate.Case34_MSL_MemberBasicinfotest -->
