<?xml version="1.0" encoding="UTF-8"?>
<!-- Generated by org.testng.reporters.JUnitReportReporter -->
<testsuite hostname="cpe-192-180-0-81.kya.res.rr.com" failures="0" tests="1" name="cuesz.membersummarytest.advocate.Case21_MS_speherestest" time="51.108" errors="0" timestamp="2023-08-18T13:12:22 IST" skipped="0">
  <testcase classname="cuesz.membersummarytest.advocate.Case21_MS_speherestest" name="advocateScheduleEventTest" time="51.108"/>
</testsuite> <!-- cuesz.membersummarytest.advocate.Case21_MS_speherestest -->
