<?xml version="1.0" encoding="UTF-8"?>
<!-- Generated by org.testng.reporters.JUnitReportReporter -->
<testsuite hostname="Taraniya" failures="0" tests="1" name="cuesz.schduletest.advocate.Case04_deleteventtest" time="31.711" errors="0" timestamp="2023-09-09T22:50:52 IST" skipped="0">
  <testcase classname="cuesz.schduletest.advocate.Case04_deleteventtest" name="advocateScheduledeleteEventTest" time="31.711"/>
  <system-out/>
</testsuite> <!-- cuesz.schduletest.advocate.Case04_deleteventtest -->
