<?xml version="1.0" encoding="UTF-8"?>
<!-- Generated by org.testng.reporters.JUnitReportReporter -->
<testsuite hostname="Taraniya" failures="0" tests="1" name="cuesz.membersummarygraph.advocate.Case64_RestingPhysiologytest" time="79.661" errors="0" timestamp="2023-09-02T23:40:20 IST" skipped="0">
  <testcase classname="cuesz.membersummarygraph.advocate.Case64_RestingPhysiologytest" name="advocateMemberhoverTest" time="79.661"/>
  <system-out/>
</testsuite> <!-- cuesz.membersummarygraph.advocate.Case64_RestingPhysiologytest -->
