<?xml version="1.0" encoding="UTF-8"?>
<!-- Generated by org.testng.reporters.JUnitReportReporter -->
<testsuite hostname="cpe-192-180-5-27.kya.res.rr.com" failures="0" tests="1" name="cuesz01.Iosapp_member_homeScreen.Case01_Login1" time="44.674" errors="0" timestamp="03 Oct 2023 14:10:39 GMT" skipped="0">
  <testcase classname="cuesz01.Iosapp_member_homeScreen.Case01_Login1" name="loginAndVerifySpheres" time="44.674"/>
</testsuite> <!-- cuesz01.Iosapp_member_homeScreen.Case01_Login1 -->
