<?xml version="1.0" encoding="UTF-8"?>
<!-- Generated by org.testng.reporters.JUnitReportReporter -->
<testsuite hostname="cpe-192-180-5-27.kya.res.rr.com" failures="0" tests="1" name="cuesz.dashboard.advocate.Step14_DB_Clocktest" time="15.766" errors="0" timestamp="21 Nov 2023 06:41:46 GMT" skipped="0">
  <testcase classname="cuesz.dashboard.advocate.Step14_DB_Clocktest" name="advocateScheduleEventTest" time="15.766"/>
</testsuite> <!-- cuesz.dashboard.advocate.Step14_DB_Clocktest -->
