<?xml version="1.0" encoding="UTF-8"?>
<!-- Generated by org.testng.reporters.JUnitReportReporter -->
<testsuite hostname="cpe-192-180-5-27.kya.res.rr.com" failures="0" tests="1" name="cuesz.membersummarygraph.advocate.Case63_CorrelationAnalysistest" time="55.376" errors="0" timestamp="06 Oct 2023 17:58:35 GMT" skipped="0">
  <testcase classname="cuesz.membersummarygraph.advocate.Case63_CorrelationAnalysistest" name="advocateMemberhoverTest" time="55.376"/>
</testsuite> <!-- cuesz.membersummarygraph.advocate.Case63_CorrelationAnalysistest -->
