<?xml version="1.0" encoding="UTF-8"?>
<!-- Generated by org.testng.reporters.JUnitReportReporter -->
<testsuite hostname="cpe-192-180-0-80.kya.res.rr.com" failures="0" tests="1" name="cuesz.liveperform.advocate.Case73_viewjoinLiveperformcoachtest" time="54.753" errors="0" timestamp="2023-09-15T19:19:53 IST" skipped="0">
  <testcase classname="cuesz.liveperform.advocate.Case73_viewjoinLiveperformcoachtest" name="advocateSchedulecreateeventTest" time="54.753"/>
</testsuite> <!-- cuesz.liveperform.advocate.Case73_viewjoinLiveperformcoachtest -->
