<?xml version="1.0" encoding="UTF-8"?>
<!-- Generated by org.testng.reporters.JUnitReportReporter -->
<testsuite hostname="cpe-192-180-5-27.kya.res.rr.com" failures="0" tests="1" name="cuesz.liveperform.advocate.Case74_viewjoinLiveperfoRadvocatetest" time="58.040" errors="0" timestamp="28 Sept 2023 06:36:07 GMT" skipped="0">
  <testcase classname="cuesz.liveperform.advocate.Case74_viewjoinLiveperfoRadvocatetest" name="advocateSchedulecreateeventTest" time="58.040"/>
</testsuite> <!-- cuesz.liveperform.advocate.Case74_viewjoinLiveperfoRadvocatetest -->
