<?xml version="1.0" encoding="UTF-8"?>
<!-- Generated by org.testng.reporters.JUnitReportReporter -->
<testsuite hostname="cpe-192-180-5-27.kya.res.rr.com" failures="0" tests="1" name="cuesz.membersummarytest.advocate.Case21_MS_speherestest" time="46.043" errors="0" timestamp="05 Dec 2023 10:04:50 GMT" skipped="0">
  <testcase classname="cuesz.membersummarytest.advocate.Case21_MS_speherestest" name="advocatespheredataTest" time="46.043"/>
</testsuite> <!-- cuesz.membersummarytest.advocate.Case21_MS_speherestest -->
