<?xml version="1.0" encoding="UTF-8"?>
<!-- Generated by org.testng.reporters.JUnitReportReporter -->
<testsuite hostname="cpe-192-180-5-27.kya.res.rr.com" failures="0" tests="1" name="cuesz.schduletest.advocate.Case03_editeventtest" time="39.660" errors="0" timestamp="21 Nov 2023 07:07:48 GMT" skipped="0">
  <testcase classname="cuesz.schduletest.advocate.Case03_editeventtest" name="advocateScheduleeditEventTest" time="39.660"/>
</testsuite> <!-- cuesz.schduletest.advocate.Case03_editeventtest -->
