<?xml version="1.0" encoding="UTF-8"?>
<!-- Generated by org.testng.reporters.JUnitReportReporter -->
<testsuite hostname="cpe-192-180-0-80.kya.res.rr.com" failures="0" tests="1" name="cuesz.membersummarytest.advocate.Case25_MS_Mindfulsettingtest" time="63.331" errors="0" timestamp="2023-09-08T11:38:47 IST" skipped="0">
  <testcase classname="cuesz.membersummarytest.advocate.Case25_MS_Mindfulsettingtest" name="advocatemindfulsettingTest" time="63.331"/>
</testsuite> <!-- cuesz.membersummarytest.advocate.Case25_MS_Mindfulsettingtest -->
