<?xml version="1.0" encoding="UTF-8"?>
<!-- Generated by org.testng.reporters.JUnitReportReporter -->
<testsuite hostname="ChicMics-Mac-mini-2.local" failures="0" tests="1" name="cuesz.schduletest.advocate.Case12_07_SE_create_eventwithoutopic" time="28.611" errors="0" timestamp="2023-08-17T15:22:42 IST" skipped="0">
  <testcase classname="cuesz.schduletest.advocate.Case12_07_SE_create_eventwithoutopic" name="advocateScheduleEventTest" time="28.611"/>
</testsuite> <!-- cuesz.schduletest.advocate.Case12_07_SE_create_eventwithoutopic -->
