<?xml version="1.0" encoding="UTF-8"?>
<!-- Generated by org.testng.reporters.JUnitReportReporter -->
<testsuite hostname="cpe-192-180-5-27.kya.res.rr.com" failures="0" tests="1" name="cuesz.schduletest.advocate.Case02_vieweventtest" time="28.018" errors="0" timestamp="08 Dec 2023 07:59:12 GMT" skipped="0">
  <testcase classname="cuesz.schduletest.advocate.Case02_vieweventtest" name="advocateScheduleviewEventTest" time="28.018"/>
</testsuite> <!-- cuesz.schduletest.advocate.Case02_vieweventtest -->
