<?xml version="1.0" encoding="UTF-8"?>
<!-- Generated by org.testng.reporters.JUnitReportReporter -->
<testsuite hostname="192-180-005-027.res.spectrum.com" failures="0" tests="1" name="cuesz02.Iosapp_member_home_PerformScreen.Case14_Perform_performalreadycompleted" time="134.127" errors="0" timestamp="21 Dec 2023 13:07:45 GMT" skipped="0">
  <testcase classname="cuesz02.Iosapp_member_home_PerformScreen.Case14_Perform_performalreadycompleted" name="perfom_additonalactivtycompleted" time="134.127"/>
</testsuite> <!-- cuesz02.Iosapp_member_home_PerformScreen.Case14_Perform_performalreadycompleted -->
