<?xml version="1.0" encoding="UTF-8"?>
<!-- Generated by org.testng.reporters.JUnitReportReporter -->
<testsuite hostname="cpe-192-180-5-27.kya.res.rr.com" failures="0" tests="1" name="cuesz.dashboard.advocate.Step12_DB_navlinktest" time="28.777" errors="0" timestamp="25 Oct 2023 11:17:47 GMT" skipped="0">
  <testcase classname="cuesz.dashboard.advocate.Step12_DB_navlinktest" name="advocateScheduleEventTest" time="28.777"/>
</testsuite> <!-- cuesz.dashboard.advocate.Step12_DB_navlinktest -->
