<?xml version="1.0" encoding="UTF-8"?>
<!-- Generated by org.testng.reporters.JUnitReportReporter -->
<testsuite hostname="cpe-192-180-5-27.kya.res.rr.com" failures="0" tests="1" name="cuesz.membersummarytest.advocate.Case34_MS_VO2Resulttest" time="45.195" errors="0" timestamp="25 Sept 2023 17:35:38 GMT" skipped="0">
  <testcase classname="cuesz.membersummarytest.advocate.Case34_MS_VO2Resulttest" name="advocatebodyscanresultTest" time="45.195"/>
</testsuite> <!-- cuesz.membersummarytest.advocate.Case34_MS_VO2Resulttest -->
