<?xml version="1.0" encoding="UTF-8"?>
<!-- Generated by org.testng.reporters.JUnitReportReporter -->
<testsuite hostname="cpe-192-180-5-27.kya.res.rr.com" failures="0" tests="1" name="cuesz.schduletest.advocate.Case12_07_SE_create_eventwithoutopic" time="26.278" errors="0" timestamp="27 Sept 2023 16:50:56 GMT" skipped="0">
  <testcase classname="cuesz.schduletest.advocate.Case12_07_SE_create_eventwithoutopic" name="advocatecreateEventwithoutpicTest" time="26.278"/>
</testsuite> <!-- cuesz.schduletest.advocate.Case12_07_SE_create_eventwithoutopic -->
