<?xml version="1.0" encoding="UTF-8"?>
<!-- Generated by org.testng.reporters.JUnitReportReporter -->
<testsuite hostname="cpe-192-180-5-27.kya.res.rr.com" failures="0" tests="1" name="cuesz.schduletest.advocate.Case04_deleteventtest" time="36.627" errors="0" timestamp="05 Dec 2023 11:23:42 GMT" skipped="0">
  <testcase classname="cuesz.schduletest.advocate.Case04_deleteventtest" name="advocateScheduledeleteEventTest" time="36.627"/>
</testsuite> <!-- cuesz.schduletest.advocate.Case04_deleteventtest -->
