<?xml version="1.0" encoding="UTF-8"?>
<!-- Generated by org.testng.reporters.JUnitReportReporter -->
<testsuite hostname="cpe-192-180-5-27.kya.res.rr.com" failures="0" tests="1" name="cuesz.membersummarygraph.advocate.Case65_BiofeedbackAnalysistest" time="41.961" errors="0" timestamp="27 Sept 2023 16:38:50 GMT" skipped="0">
  <testcase classname="cuesz.membersummarygraph.advocate.Case65_BiofeedbackAnalysistest" name="advocateMemberhoverTest" time="41.961"/>
</testsuite> <!-- cuesz.membersummarygraph.advocate.Case65_BiofeedbackAnalysistest -->
