<?xml version="1.0" encoding="UTF-8"?>
<!-- Generated by org.testng.reporters.JUnitReportReporter -->
<testsuite hostname="192-180-005-027.res.spectrum.com" failures="0" tests="1" name="cuesz02.Iosapp_member_home_PerformScreen.Case13_Perform_additionalactivity" time="154.075" errors="0" timestamp="21 Dec 2023 12:11:49 GMT" skipped="0">
  <testcase classname="cuesz02.Iosapp_member_home_PerformScreen.Case13_Perform_additionalactivity" name="perfom_additionalactivty" time="154.075"/>
</testsuite> <!-- cuesz02.Iosapp_member_home_PerformScreen.Case13_Perform_additionalactivity -->
