<?xml version="1.0" encoding="UTF-8"?>
<!-- Generated by org.testng.reporters.JUnitReportReporter -->
<testsuite hostname="cpe-192-180-5-27.kya.res.rr.com" failures="0" tests="1" name="cuesz.logictest.advocate.Case45_MSL_restore_currenttest" time="70.289" errors="0" timestamp="21 Nov 2023 12:03:52 GMT" skipped="0">
  <testcase classname="cuesz.logictest.advocate.Case45_MSL_restore_currenttest" name="advocatelogicmemberTest" time="70.289"/>
</testsuite> <!-- cuesz.logictest.advocate.Case45_MSL_restore_currenttest -->
