<?xml version="1.0" encoding="UTF-8"?>
<!-- Generated by org.testng.reporters.JUnitReportReporter -->
<testsuite hostname="cpe-192-180-5-27.kya.res.rr.com" failures="0" tests="1" name="cuesz.schduletest.advocate.Step12_08_SE_createventtest" time="25.605" errors="0" timestamp="16 Oct 2023 05:48:50 GMT" skipped="0">
  <testcase classname="cuesz.schduletest.advocate.Step12_08_SE_createventtest" name="advocateSchedulefromcalendarEventTest" time="25.605"/>
</testsuite> <!-- cuesz.schduletest.advocate.Step12_08_SE_createventtest -->
