<?xml version="1.0" encoding="UTF-8"?>
<!-- Generated by org.testng.reporters.JUnitReportReporter -->
<testsuite hostname="Taraniya" failures="0" tests="1" name="cuesz.membersummarytest.advocate.Case19_MS_Preferencestest" time="39.714" errors="0" timestamp="2023-09-24T23:15:31 IST" skipped="0">
  <testcase classname="cuesz.membersummarytest.advocate.Case19_MS_Preferencestest" name="advocatepreferenceTest" time="39.714"/>
  <system-out/>
</testsuite> <!-- cuesz.membersummarytest.advocate.Case19_MS_Preferencestest -->
