<?xml version="1.0" encoding="UTF-8"?>
<!-- Generated by org.testng.reporters.JUnitReportReporter -->
<testsuite hostname="cpe-192-180-5-27.kya.res.rr.com" failures="0" tests="1" name="cuesz.logictest.advocate.Case36_MSL_Staffnotestest" time="64.682" errors="0" timestamp="06 Oct 2023 17:28:54 GMT" skipped="0">
  <testcase classname="cuesz.logictest.advocate.Case36_MSL_Staffnotestest" name="advocatelogicmemberTest" time="64.682"/>
</testsuite> <!-- cuesz.logictest.advocate.Case36_MSL_Staffnotestest -->
