<?xml version="1.0" encoding="UTF-8"?>
<!-- Generated by org.testng.reporters.JUnitReportReporter -->
<testsuite hostname="Taraniya" failures="0" tests="1" name="cuesz.membersummarytest.advocate.Case23_MS_performactivitytest" time="115.800" errors="0" timestamp="2023-09-10T11:22:03 IST" skipped="0">
  <testcase classname="cuesz.membersummarytest.advocate.Case23_MS_performactivitytest" name="advocateperformactivityTest" time="115.800"/>
  <system-out/>
</testsuite> <!-- cuesz.membersummarytest.advocate.Case23_MS_performactivitytest -->
