<?xml version="1.0" encoding="UTF-8"?>
<!-- Generated by org.testng.reporters.JUnitReportReporter -->
<testsuite hostname="cpe-192-180-5-27.kya.res.rr.com" failures="0" tests="1" name="cuesz.schduletest.advocate.Step12_11_SE_createventtimelongerthan15minformebercalltest" time="28.840" errors="0" timestamp="18 Oct 2023 11:55:56 GMT" skipped="0">
  <testcase classname="cuesz.schduletest.advocate.Step12_11_SE_createventtimelongerthan15minformebercalltest" name="advocateSchedulefromcalendarEventTest" time="28.840"/>
</testsuite> <!-- cuesz.schduletest.advocate.Step12_11_SE_createventtimelongerthan15minformebercalltest -->
