<?xml version="1.0" encoding="UTF-8"?>
<!-- Generated by org.testng.reporters.JUnitReportReporter -->
<testsuite hostname="Taraniya" failures="0" tests="1" name="cuesz.logictest.advocate.Case42_MSL_Performtest" time="121.157" errors="0" timestamp="2023-11-26T09:39:26 IST" skipped="0">
  <testcase classname="cuesz.logictest.advocate.Case42_MSL_Performtest" name="advocatelogicmemberTest" time="121.157"/>
  <system-out/>
</testsuite> <!-- cuesz.logictest.advocate.Case42_MSL_Performtest -->
