<?xml version="1.0" encoding="UTF-8"?>
<!-- Generated by org.testng.reporters.JUnitReportReporter -->
<testsuite hostname="Taraniya" failures="0" tests="1" name="cuesz.logictest.advocate.Case34_MSL_MemberBasicinfotest" time="69.680" errors="0" timestamp="2023-08-19T22:48:15 IST" skipped="0">
  <testcase classname="cuesz.logictest.advocate.Case34_MSL_MemberBasicinfotest" name="advocateScheduleEventTest" time="69.680"/>
  <system-out/>
</testsuite> <!-- cuesz.logictest.advocate.Case34_MSL_MemberBasicinfotest -->
