<?xml version="1.0" encoding="UTF-8"?>
<!-- Generated by org.testng.reporters.JUnitReportReporter -->
<testsuite hostname="cpe-192-180-0-80.kya.res.rr.com" failures="0" tests="1" name="cuesz.logintest.AdvocateLogin" time="5.963" errors="0" timestamp="2023-08-31T12:30:09 IST" skipped="0">
  <testcase classname="cuesz.logintest.AdvocateLogin" name="testAdvocateLogin" time="5.963"/>
</testsuite> <!-- cuesz.logintest.AdvocateLogin -->
