<?xml version="1.0" encoding="UTF-8"?>
<!-- Generated by org.testng.reporters.JUnitReportReporter -->
<testsuite hostname="192-180-005-027.res.spectrum.com" failures="0" tests="1" name="cuesz01.Iosapp_member_homeScreen.Case06_Homescreen" time="28.142" errors="0" timestamp="20 Dec 2023 10:57:35 GMT" skipped="0">
  <testcase classname="cuesz01.Iosapp_member_homeScreen.Case06_Homescreen" name="Homescreen" time="28.142"/>
</testsuite> <!-- cuesz01.Iosapp_member_homeScreen.Case06_Homescreen -->
