<?xml version="1.0" encoding="UTF-8"?>
<!-- Generated by org.testng.reporters.JUnitReportReporter -->
<testsuite hostname="cpe-192-180-1-209.kya.res.rr.com" failures="0" tests="1" name="cuesz.membersummarytest.advocate.Case26_MS_Fuelactivitytest" time="74.605" errors="0" timestamp="2023-08-18T16:01:38 IST" skipped="0">
  <testcase classname="cuesz.membersummarytest.advocate.Case26_MS_Fuelactivitytest" name="advocateScheduleEventTest" time="74.605"/>
</testsuite> <!-- cuesz.membersummarytest.advocate.Case26_MS_Fuelactivitytest -->
