<?xml version="1.0" encoding="UTF-8"?>
<!-- Generated by org.testng.reporters.JUnitReportReporter -->
<testsuite hostname="cpe-192-180-0-80.kya.res.rr.com" failures="0" tests="1" name="cuesz.dashboard.advocate.Step12_DB_navlinktest" time="36.628" errors="0" timestamp="2023-09-11T12:06:17 IST" skipped="0">
  <testcase classname="cuesz.dashboard.advocate.Step12_DB_navlinktest" name="advocateScheduleEventTest" time="36.628"/>
</testsuite> <!-- cuesz.dashboard.advocate.Step12_DB_navlinktest -->
