<?xml version="1.0" encoding="UTF-8"?>
<!-- Generated by org.testng.reporters.JUnitReportReporter -->
<testsuite hostname="cpe-192-180-5-27.kya.res.rr.com" failures="0" tests="1" name="cuesz.liveperform.advocate.Case72_creatLiveperformtest" time="37.286" errors="0" timestamp="26 Oct 2023 09:52:59 GMT" skipped="0">
  <testcase classname="cuesz.liveperform.advocate.Case72_creatLiveperformtest" name="advocateSchedulecreateeventTest" time="37.286"/>
</testsuite> <!-- cuesz.liveperform.advocate.Case72_creatLiveperformtest -->
