<?xml version="1.0" encoding="UTF-8"?>
<!-- Generated by org.testng.reporters.JUnitReportReporter -->
<testsuite hostname="Taraniya" failures="0" tests="1" name="cuesz.logictest.advocate.Case45_MSL_restore_currenttest" time="81.481" errors="0" timestamp="2023-11-05T18:27:35 IST" skipped="0">
  <testcase classname="cuesz.logictest.advocate.Case45_MSL_restore_currenttest" name="advocatelogicmemberTest" time="81.481"/>
  <system-out/>
</testsuite> <!-- cuesz.logictest.advocate.Case45_MSL_restore_currenttest -->
