<?xml version="1.0" encoding="UTF-8"?>
<!-- Generated by org.testng.reporters.JUnitReportReporter -->
<testsuite hostname="cpe-192-180-0-80.kya.res.rr.com" failures="0" tests="1" name="cuesz.membersummarytest.advocate.Case20_MS_Fuelnotestest" time="36.884" errors="0" timestamp="2023-09-15T16:43:56 IST" skipped="0">
  <testcase classname="cuesz.membersummarytest.advocate.Case20_MS_Fuelnotestest" name="advocatefuelnotesTest" time="36.884"/>
</testsuite> <!-- cuesz.membersummarytest.advocate.Case20_MS_Fuelnotestest -->
