<?xml version="1.0" encoding="UTF-8"?>
<!-- Generated by org.testng.reporters.JUnitReportReporter -->
<testsuite hostname="cpe-192-180-3-148.kya.res.rr.com" failures="0" tests="1" name="cuesz.schduletest.advocate.Case01_createventtest" time="37.915" errors="0" timestamp="2023-08-16T17:03:07 IST" skipped="0">
  <testcase classname="cuesz.schduletest.advocate.Case01_createventtest" name="advocateScheduleEventTest" time="37.915"/>
  <system-out/>
</testsuite> <!-- cuesz.schduletest.advocate.Case01_createventtest -->
