<?xml version="1.0" encoding="UTF-8"?>
<!-- Generated by org.testng.reporters.JUnitReportReporter -->
<testsuite hostname="192-180-005-027.res.spectrum.com" failures="0" tests="1" name="cuesz.logictest.advocate.Case43_1_MSL_Fuelperformtest" time="151.097" errors="0" timestamp="28 Dec 2023 08:01:40 GMT" skipped="0">
  <testcase classname="cuesz.logictest.advocate.Case43_1_MSL_Fuelperformtest" name="advocatelogicmemberTest" time="151.097"/>
</testsuite> <!-- cuesz.logictest.advocate.Case43_1_MSL_Fuelperformtest -->
