<?xml version="1.0" encoding="UTF-8"?>
<!-- Generated by org.testng.reporters.JUnitReportReporter -->
<testsuite hostname="cpe-192-180-5-27.kya.res.rr.com" failures="0" tests="1" name="cuesz.logictest.advocate.Case42_MSL_Performtest" time="106.970" errors="0" timestamp="05 Dec 2023 11:32:46 GMT" skipped="0">
  <testcase classname="cuesz.logictest.advocate.Case42_MSL_Performtest" name="advocatelogicmemberTest" time="106.970"/>
</testsuite> <!-- cuesz.logictest.advocate.Case42_MSL_Performtest -->
