<?xml version="1.0" encoding="UTF-8"?>
<!-- Generated by org.testng.reporters.JUnitReportReporter -->
<testsuite hostname="cpe-192-180-5-27.kya.res.rr.com" failures="0" tests="1" name="cuesz01.Iosapp_member_homeScreen.Case04_Homescreen_weekdays_past" time="34.333" errors="0" timestamp="18 Oct 2023 11:55:56 GMT" skipped="0">
  <testcase classname="cuesz01.Iosapp_member_homeScreen.Case04_Homescreen_weekdays_past" name="Homescreen_weekdays" time="34.333"/>
</testsuite> <!-- cuesz01.Iosapp_member_homeScreen.Case04_Homescreen_weekdays_past -->
