<?xml version="1.0" encoding="UTF-8"?>
<!-- Generated by org.testng.reporters.JUnitReportReporter -->
<testsuite hostname="Taraniya" failures="0" tests="1" name="cuesz.logictest.advocate.Case35_MSL_MemberWilingnessLimitationScoretest" time="84.096" errors="0" timestamp="2023-09-04T23:46:43 IST" skipped="0">
  <testcase classname="cuesz.logictest.advocate.Case35_MSL_MemberWilingnessLimitationScoretest" name="advocatelogicmemberTest" time="84.096"/>
  <system-out/>
</testsuite> <!-- cuesz.logictest.advocate.Case35_MSL_MemberWilingnessLimitationScoretest -->
