<?xml version="1.0" encoding="UTF-8"?>
<!-- Generated by org.testng.reporters.JUnitReportReporter -->
<testsuite hostname="cpe-192-180-5-27.kya.res.rr.com" failures="0" tests="1" name="cuesz01.Iosapp_member_homeScreen.Case04_Homescreen_weekdays_past" time="17.733" errors="0" timestamp="28 Nov 2023 12:50:10 GMT" skipped="0">
  <testcase classname="cuesz01.Iosapp_member_homeScreen.Case04_Homescreen_weekdays_past" name="Homescreen_weekdays" time="17.733"/>
</testsuite> <!-- cuesz01.Iosapp_member_homeScreen.Case04_Homescreen_weekdays_past -->
