<?xml version="1.0" encoding="UTF-8"?>
<!-- Generated by org.testng.reporters.JUnitReportReporter -->
<testsuite hostname="cpe-192-180-5-27.kya.res.rr.com" failures="0" tests="1" name="cuesz.Iosapp.Case03_Homescreen_sphere" time="32.198" errors="0" timestamp="26 Sept 2023 09:11:02 GMT" skipped="0">
  <testcase classname="cuesz.Iosapp.Case03_Homescreen_sphere" name="Homescreensperators" time="32.198"/>
</testsuite> <!-- cuesz.Iosapp.Case03_Homescreen_sphere -->
