<?xml version="1.0" encoding="UTF-8"?>
<!-- Generated by org.testng.reporters.JUnitReportReporter -->
<testsuite hostname="192-180-005-027.res.spectrum.com" failures="0" tests="1" name="cuesz.logictest.advocate.Case42_MSL_Performtest" time="96.125" errors="0" timestamp="28 Dec 2023 07:57:31 GMT" skipped="0">
  <testcase classname="cuesz.logictest.advocate.Case42_MSL_Performtest" name="advocatelogicmemberTest" time="96.125"/>
</testsuite> <!-- cuesz.logictest.advocate.Case42_MSL_Performtest -->
