<?xml version="1.0" encoding="UTF-8"?>
<!-- Generated by org.testng.reporters.JUnitReportReporter -->
<testsuite hostname="cpe-192-180-0-80.kya.res.rr.com" failures="0" tests="1" name="cuesz.schduletest.advocate.Case07_MC_createevent" time="42.504" errors="0" timestamp="2023-09-12T12:59:17 IST" skipped="0">
  <testcase classname="cuesz.schduletest.advocate.Case07_MC_createevent" name="advocateScheduleEventTest" time="42.504"/>
</testsuite> <!-- cuesz.schduletest.advocate.Case07_MC_createevent -->
