<?xml version="1.0" encoding="UTF-8"?>
<!-- Generated by org.testng.reporters.JUnitReportReporter -->
<testsuite hostname="cpe-192-180-0-80.kya.res.rr.com" failures="0" tests="1" name="cuesz.membersummarytest.advocate.Case34_MS_VO2Resulttest" time="50.689" errors="0" timestamp="2023-09-14T18:12:26 IST" skipped="0">
  <testcase classname="cuesz.membersummarytest.advocate.Case34_MS_VO2Resulttest" name="advocatebodyscanresultTest" time="50.689"/>
</testsuite> <!-- cuesz.membersummarytest.advocate.Case34_MS_VO2Resulttest -->
