<?xml version="1.0" encoding="UTF-8"?>
<!-- Generated by org.testng.reporters.JUnitReportReporter -->
<testsuite hostname="Taraniya" failures="0" tests="1" name="cuesz.liveperform.advocate.Case72_creatLiveperformtest" time="48.248" errors="0" timestamp="2023-11-05T14:08:28 IST" skipped="0">
  <testcase classname="cuesz.liveperform.advocate.Case72_creatLiveperformtest" name="advocateSchedulecreateeventTest" time="48.248"/>
  <system-out/>
</testsuite> <!-- cuesz.liveperform.advocate.Case72_creatLiveperformtest -->
