<?xml version="1.0" encoding="UTF-8"?>
<!-- Generated by org.testng.reporters.JUnitReportReporter -->
<testsuite hostname="cpe-192-180-5-27.kya.res.rr.com" failures="0" tests="1" name="cuesz02.Iosapp_member_home_Fuelscreen.Case09_Fuel" time="43.739" errors="0" timestamp="04 Oct 2023 10:41:06 GMT" skipped="0">
  <testcase classname="cuesz02.Iosapp_member_home_Fuelscreen.Case09_Fuel" name="Homescreen" time="43.739"/>
</testsuite> <!-- cuesz02.Iosapp_member_home_Fuelscreen.Case09_Fuel -->
