<?xml version="1.0" encoding="UTF-8"?>
<!-- Generated by org.testng.reporters.JUnitReportReporter -->
<testsuite hostname="Taraniya" failures="0" tests="1" name="cuesz.membersummarytest.advocate.Case34_MS_VO2Resulttest" time="98.527" errors="0" timestamp="2023-09-10T12:26:42 IST" skipped="0">
  <testcase classname="cuesz.membersummarytest.advocate.Case34_MS_VO2Resulttest" name="advocatebodyscanresultTest" time="98.527"/>
  <system-out/>
</testsuite> <!-- cuesz.membersummarytest.advocate.Case34_MS_VO2Resulttest -->
