<?xml version="1.0" encoding="UTF-8"?>
<!-- Generated by org.testng.reporters.JUnitReportReporter -->
<testsuite hostname="cpe-192-180-5-27.kya.res.rr.com" failures="0" tests="1" name="cuesz02.Iosapp_member_home_PerformScreen.Case16_Perform_Vo2" time="50.220" errors="0" timestamp="16 Oct 2023 13:59:56 GMT" skipped="0">
  <testcase classname="cuesz02.Iosapp_member_home_PerformScreen.Case16_Perform_Vo2" name="perfom_recommendedactivty" time="50.220"/>
</testsuite> <!-- cuesz02.Iosapp_member_home_PerformScreen.Case16_Perform_Vo2 -->
