<?xml version="1.0" encoding="UTF-8"?>
<!-- Generated by org.testng.reporters.JUnitReportReporter -->
<testsuite hostname="Taraniya" failures="0" tests="1" name="cuesz.membersummarytest.advocate.Case71_MS_bodyscancomparetest" time="93.067" errors="0" timestamp="2023-09-10T23:26:06 IST" skipped="0">
  <testcase classname="cuesz.membersummarytest.advocate.Case71_MS_bodyscancomparetest" name="advocatebodyscanresultTest" time="93.067"/>
  <system-out/>
</testsuite> <!-- cuesz.membersummarytest.advocate.Case71_MS_bodyscancomparetest -->
