<?xml version="1.0" encoding="UTF-8"?>
<!-- Generated by org.testng.reporters.JUnitReportReporter -->
<testsuite hostname="cpe-192-180-5-27.kya.res.rr.com" failures="0" tests="1" name="cuesz.dashboard.advocate.Step13_DB_notificationtest" time="34.117" errors="0" timestamp="28 Sept 2023 09:22:02 GMT" skipped="0">
  <testcase classname="cuesz.dashboard.advocate.Step13_DB_notificationtest" name="advocateScheduleEventTest" time="34.117"/>
</testsuite> <!-- cuesz.dashboard.advocate.Step13_DB_notificationtest -->
