<?xml version="1.0" encoding="UTF-8"?>
<!-- Generated by org.testng.reporters.JUnitReportReporter -->
<testsuite hostname="cpe-192-180-5-27.kya.res.rr.com" failures="0" tests="1" name="cuesz.membersummarytest.advocate.Case26_MS_Fuelactivitytest" time="62.394" errors="0" timestamp="06 Oct 2023 17:51:02 GMT" skipped="0">
  <testcase classname="cuesz.membersummarytest.advocate.Case26_MS_Fuelactivitytest" name="advocatefuelactivityTest" time="62.394"/>
</testsuite> <!-- cuesz.membersummarytest.advocate.Case26_MS_Fuelactivitytest -->
