<?xml version="1.0" encoding="UTF-8"?>
<!-- Generated by org.testng.reporters.JUnitReportReporter -->
<testsuite hostname="cpe-192-180-5-27.kya.res.rr.com" failures="0" tests="1" name="cuesz.membersummary.fuelreport.advocate.Case68_Fueldashboardconditionnputtest" time="80.042" errors="0" timestamp="25 Sept 2023 18:14:03 GMT" skipped="0">
  <testcase classname="cuesz.membersummary.fuelreport.advocate.Case68_Fueldashboardconditionnputtest" name="advocateMemberhoverTest" time="80.042"/>
</testsuite> <!-- cuesz.membersummary.fuelreport.advocate.Case68_Fueldashboardconditionnputtest -->
