<?xml version="1.0" encoding="UTF-8"?>
<!-- Generated by org.testng.reporters.JUnitReportReporter -->
<testsuite hostname="cpe-192-180-5-27.kya.res.rr.com" failures="0" tests="1" name="cuesz.schduletest.advocate.Case01_createventtest" time="34.155" errors="0" timestamp="09 Oct 2023 07:27:49 GMT" skipped="0">
  <testcase classname="cuesz.schduletest.advocate.Case01_createventtest" name="advocateSchedulecreateeventTest" time="34.155"/>
</testsuite> <!-- cuesz.schduletest.advocate.Case01_createventtest -->
