<?xml version="1.0" encoding="UTF-8"?>
<!-- Generated by org.testng.reporters.JUnitReportReporter -->
<testsuite hostname="cpe-192-180-0-81.kya.res.rr.com" failures="0" tests="1" name="cuesz.membersummarytest.advocate.Case19_MS_Preferencestest" time="34.842" errors="0" timestamp="2023-08-18T12:52:01 IST" skipped="0">
  <testcase classname="cuesz.membersummarytest.advocate.Case19_MS_Preferencestest" name="advocateScheduleEventTest" time="34.842"/>
</testsuite> <!-- cuesz.membersummarytest.advocate.Case19_MS_Preferencestest -->
