<?xml version="1.0" encoding="UTF-8"?>
<!-- Generated by org.testng.reporters.JUnitReportReporter -->
<testsuite hostname="cpe-192-180-5-27.kya.res.rr.com" failures="0" tests="1" name="cuesz.schduletest.advocate.Case12_04_SE_view_staffevent" time="21.775" errors="0" timestamp="27 Sept 2023 16:57:11 GMT" skipped="0">
  <testcase classname="cuesz.schduletest.advocate.Case12_04_SE_view_staffevent" name="advocateviewstaffEventTest" time="21.775"/>
</testsuite> <!-- cuesz.schduletest.advocate.Case12_04_SE_view_staffevent -->
