<?xml version="1.0" encoding="UTF-8"?>
<!-- Generated by org.testng.reporters.JUnitReportReporter -->
<testsuite hostname="cpe-192-180-0-80.kya.res.rr.com" failures="0" tests="1" name="cuesz.membersummarytest.advocate.Case78_MS_uplaodperformancesummarytest" time="43.768" errors="0" timestamp="2023-09-19T14:56:58 IST" skipped="0">
  <testcase classname="cuesz.membersummarytest.advocate.Case78_MS_uplaodperformancesummarytest" name="advocateScheduleEventTest" time="43.768"/>
</testsuite> <!-- cuesz.membersummarytest.advocate.Case78_MS_uplaodperformancesummarytest -->
