<?xml version="1.0" encoding="UTF-8"?>
<!-- Generated by org.testng.reporters.JUnitReportReporter -->
<testsuite hostname="Taraniya" failures="0" tests="1" name="cuesz.membersummarytest.advocate.Case24_MS_Mindfulactivitytest" time="133.945" errors="0" timestamp="2023-09-10T11:50:35 IST" skipped="0">
  <testcase classname="cuesz.membersummarytest.advocate.Case24_MS_Mindfulactivitytest" name="advocatemindfuldataTest" time="133.945"/>
  <system-out/>
</testsuite> <!-- cuesz.membersummarytest.advocate.Case24_MS_Mindfulactivitytest -->
