<?xml version="1.0" encoding="UTF-8"?>
<!-- Generated by org.testng.reporters.JUnitReportReporter -->
<testsuite hostname="cpe-192-180-5-27.kya.res.rr.com" failures="0" tests="1" name="cuesz.membersummary.fuelreport.advocate.Case67_Fueldashboard1test" time="97.953" errors="0" timestamp="27 Sept 2023 16:21:31 GMT" skipped="0">
  <testcase classname="cuesz.membersummary.fuelreport.advocate.Case67_Fueldashboard1test" name="advocateMemberhoverTest" time="97.953"/>
</testsuite> <!-- cuesz.membersummary.fuelreport.advocate.Case67_Fueldashboard1test -->
