<?xml version="1.0" encoding="UTF-8"?>
<!-- Generated by org.testng.reporters.JUnitReportReporter -->
<testsuite hostname="cpe-192-180-0-81.kya.res.rr.com" failures="0" tests="1" name="cuesz.schduletest.advocate.Case09_MC_viewevent" time="19.091" errors="0" timestamp="2023-08-17T13:26:37 IST" skipped="0">
  <testcase classname="cuesz.schduletest.advocate.Case09_MC_viewevent" name="advocateScheduleEventTest" time="19.091"/>
</testsuite> <!-- cuesz.schduletest.advocate.Case09_MC_viewevent -->
