<?xml version="1.0" encoding="UTF-8"?>
<!-- Generated by org.testng.reporters.JUnitReportReporter -->
<testsuite hostname="cpe-192-180-0-80.kya.res.rr.com" failures="0" tests="1" name="dashboard.advocate.Step14_DB_MessgNotificationtest" time="30.973" errors="0" timestamp="2023-08-24T16:09:52 IST" skipped="0">
  <testcase classname="dashboard.advocate.Step14_DB_MessgNotificationtest" name="advocateScheduleEventTest" time="30.973"/>
</testsuite> <!-- dashboard.advocate.Step14_DB_MessgNotificationtest -->
