<?xml version="1.0" encoding="UTF-8"?>
<!-- Generated by org.testng.reporters.JUnitReportReporter -->
<testsuite hostname="Taraniya" failures="0" tests="1" name="cuesz.logintest.CoachLogin" time="2.372" errors="0" timestamp="2023-08-19T22:27:59 IST" skipped="0">
  <testcase classname="cuesz.logintest.CoachLogin" name="testCoachLogin" time="2.372"/>
  <system-out/>
</testsuite> <!-- cuesz.logintest.CoachLogin -->
