<?xml version="1.0" encoding="UTF-8"?>
<!-- Generated by org.testng.reporters.JUnitReportReporter -->
<testsuite hostname="cpe-192-180-5-27.kya.res.rr.com" failures="0" tests="1" name="cuesz01.Iosapp_member_homeScreen.Case02_Homescreen_sphereclick" time="45.356" errors="0" timestamp="07 Oct 2023 16:29:47 GMT" skipped="0">
  <testcase classname="cuesz01.Iosapp_member_homeScreen.Case02_Homescreen_sphereclick" name="Homescreen" time="45.356"/>
</testsuite> <!-- cuesz01.Iosapp_member_homeScreen.Case02_Homescreen_sphereclick -->
