<?xml version="1.0" encoding="UTF-8"?>
<!-- Generated by org.testng.reporters.JUnitReportReporter -->
<testsuite hostname="ChicMics-Mac-mini-2.local" failures="0" tests="1" name="cuesz.membersummarytest.advocate.Case15_MS_memberhoverdetail" time="28.163" errors="0" timestamp="2023-08-17T18:31:37 IST" skipped="0">
  <testcase classname="cuesz.membersummarytest.advocate.Case15_MS_memberhoverdetail" name="advocateScheduleEventTest" time="28.163"/>
</testsuite> <!-- cuesz.membersummarytest.advocate.Case15_MS_memberhoverdetail -->
