<?xml version="1.0" encoding="UTF-8"?>
<!-- Generated by org.testng.reporters.JUnitReportReporter -->
<testsuite hostname="cpe-192-180-5-27.kya.res.rr.com" failures="0" tests="1" name="cuesz01.Iosapp_member_homeScreen.Case02_Homescreen_sphereclick" time="29.507" errors="0" timestamp="28 Nov 2023 10:39:20 GMT" skipped="0">
  <testcase classname="cuesz01.Iosapp_member_homeScreen.Case02_Homescreen_sphereclick" name="Homescreen" time="29.507"/>
</testsuite> <!-- cuesz01.Iosapp_member_homeScreen.Case02_Homescreen_sphereclick -->
