<?xml version="1.0" encoding="UTF-8"?>
<!-- Generated by org.testng.reporters.JUnitReportReporter -->
<testsuite hostname="cpe-192-180-0-80.kya.res.rr.com" failures="0" tests="1" name="cuesz.liveperform.advocate.Case73_viewjoinLiveperformtest" time="48.869" errors="0" timestamp="2023-09-15T17:12:16 IST" skipped="0">
  <testcase classname="cuesz.liveperform.advocate.Case73_viewjoinLiveperformtest" name="advocateSchedulecreateeventTest" time="48.869"/>
</testsuite> <!-- cuesz.liveperform.advocate.Case73_viewjoinLiveperformtest -->
