<?xml version="1.0" encoding="UTF-8"?>
<!-- Generated by org.testng.reporters.JUnitReportReporter -->
<testsuite hostname="cpe-192-180-5-27.kya.res.rr.com" failures="0" tests="1" name="cuesz.schduletest.advocate.Case03_editeventtest" time="41.539" errors="0" timestamp="25 Sept 2023 14:12:16 GMT" skipped="0">
  <testcase classname="cuesz.schduletest.advocate.Case03_editeventtest" name="advocateScheduleeditEventTest" time="41.539"/>
</testsuite> <!-- cuesz.schduletest.advocate.Case03_editeventtest -->
