<?xml version="1.0" encoding="UTF-8"?>
<!-- Generated by org.testng.reporters.JUnitReportReporter -->
<testsuite hostname="cpe-192-180-0-80.kya.res.rr.com" failures="0" tests="1" name="cuesz.membercommunication.advocate.Case76_chattomemberredirectiontest" time="16.347" errors="0" timestamp="2023-09-19T11:55:24 IST" skipped="0">
  <testcase classname="cuesz.membercommunication.advocate.Case76_chattomemberredirectiontest" name="advocatecmembercommunictaeTest" time="16.347"/>
</testsuite> <!-- cuesz.membercommunication.advocate.Case76_chattomemberredirectiontest -->
