<?xml version="1.0" encoding="UTF-8"?>
<!-- Generated by org.testng.reporters.JUnitReportReporter -->
<testsuite hostname="cpe-192-180-5-27.kya.res.rr.com" failures="0" tests="1" name="cuesz.membersummarytest.advocate.Case26_MS_Fuelactivitytest" time="61.147" errors="0" timestamp="27 Sept 2023 15:31:45 GMT" skipped="0">
  <testcase classname="cuesz.membersummarytest.advocate.Case26_MS_Fuelactivitytest" name="advocatefuelactivityTest" time="61.147"/>
</testsuite> <!-- cuesz.membersummarytest.advocate.Case26_MS_Fuelactivitytest -->
