<?xml version="1.0" encoding="UTF-8"?>
<!-- Generated by org.testng.reporters.JUnitReportReporter -->
<testsuite hostname="cpe-192-180-5-27.kya.res.rr.com" failures="0" tests="1" name="cuesz.dashboard.advocate.Step14_DB_MessgNotificationtest" time="25.768" errors="0" timestamp="25 Sept 2023 14:12:16 GMT" skipped="0">
  <testcase classname="cuesz.dashboard.advocate.Step14_DB_MessgNotificationtest" name="advocateScheduleEventTest" time="25.768"/>
</testsuite> <!-- cuesz.dashboard.advocate.Step14_DB_MessgNotificationtest -->
