<?xml version="1.0" encoding="UTF-8"?>
<!-- Generated by org.testng.reporters.JUnitReportReporter -->
<testsuite hostname="cpe-192-180-0-80.kya.res.rr.com" failures="0" tests="1" name="cuesz.membersummary.fuelreport.advocate.Completetest" time="171.487" errors="0" timestamp="2023-09-07T10:49:51 IST" skipped="0">
  <testcase classname="cuesz.membersummary.fuelreport.advocate.Completetest" name="advocateMemberhoverTest" time="171.487"/>
</testsuite> <!-- cuesz.membersummary.fuelreport.advocate.Completetest -->
