<?xml version="1.0" encoding="UTF-8"?>
<!-- Generated by org.testng.reporters.JUnitReportReporter -->
<testsuite hostname="cpe-192-180-5-27.kya.res.rr.com" failures="0" tests="1" name="cuesz.logintest.AdvocateLogin" time="3.017" errors="0" timestamp="01 Nov 2023 06:15:53 GMT" skipped="0">
  <testcase classname="cuesz.logintest.AdvocateLogin" name="testAdvocateLogin" time="3.017"/>
</testsuite> <!-- cuesz.logintest.AdvocateLogin -->
