<?xml version="1.0" encoding="UTF-8"?>
<!-- Generated by org.testng.reporters.JUnitReportReporter -->
<testsuite hostname="cpe-192-180-5-27.kya.res.rr.com" failures="0" tests="1" name="cuesz.membersummarytest.advocate.Case19_MS_Preferencestest" time="26.611" errors="0" timestamp="05 Dec 2023 08:46:19 GMT" skipped="0">
  <testcase classname="cuesz.membersummarytest.advocate.Case19_MS_Preferencestest" name="advocatepreferenceTest" time="26.611"/>
</testsuite> <!-- cuesz.membersummarytest.advocate.Case19_MS_Preferencestest -->
