<?xml version="1.0" encoding="UTF-8"?>
<!-- Generated by org.testng.reporters.JUnitReportReporter -->
<testsuite hostname="cpe-192-180-5-27.kya.res.rr.com" failures="0" tests="1" name="cuesz.schduletest.advocate.Case12_07_SE_create_eventwithoutopic" time="26.605" errors="0" timestamp="21 Nov 2023 09:43:25 GMT" skipped="0">
  <testcase classname="cuesz.schduletest.advocate.Case12_07_SE_create_eventwithoutopic" name="advocatecreateEventwithoutpicTest" time="26.605"/>
</testsuite> <!-- cuesz.schduletest.advocate.Case12_07_SE_create_eventwithoutopic -->
