<?xml version="1.0" encoding="UTF-8"?>
<!-- Generated by org.testng.reporters.JUnitReportReporter -->
<testsuite hostname="cpe-192-180-5-27.kya.res.rr.com" failures="0" tests="1" name="cuesz.logictest.advocate.Case45_MSL_restoretest" time="152.375" errors="0" timestamp="25 Sept 2023 17:13:03 GMT" skipped="0">
  <testcase classname="cuesz.logictest.advocate.Case45_MSL_restoretest" name="advocatelogicmemberTest" time="152.375"/>
</testsuite> <!-- cuesz.logictest.advocate.Case45_MSL_restoretest -->
