<?xml version="1.0" encoding="UTF-8"?>
<!-- Generated by org.testng.reporters.JUnitReportReporter -->
<testsuite hostname="cpe-192-180-5-27.kya.res.rr.com" failures="0" tests="1" name="cuesz.membersummarytest.advocate.Case22_MS_speheres_Overridetest" time="64.233" errors="0" timestamp="05 Dec 2023 10:07:10 GMT" skipped="0">
  <testcase classname="cuesz.membersummarytest.advocate.Case22_MS_speheres_Overridetest" name="advocateoverridefeatureTest" time="64.233"/>
</testsuite> <!-- cuesz.membersummarytest.advocate.Case22_MS_speheres_Overridetest -->
