<?xml version="1.0" encoding="UTF-8"?>
<!-- Generated by org.testng.reporters.JUnitReportReporter -->
<testsuite hostname="cpe-192-180-5-27.kya.res.rr.com" failures="0" tests="1" name="cuesz.logictest.advocate.Case43_MSL_Fueltest" time="297.145" errors="0" timestamp="08 Dec 2023 08:33:33 GMT" skipped="0">
  <testcase classname="cuesz.logictest.advocate.Case43_MSL_Fueltest" name="advocatelogicmemberTest" time="297.145"/>
</testsuite> <!-- cuesz.logictest.advocate.Case43_MSL_Fueltest -->
