<?xml version="1.0" encoding="UTF-8"?>
<!-- Generated by org.testng.reporters.JUnitReportReporter -->
<testsuite hostname="cpe-192-180-5-27.kya.res.rr.com" failures="0" tests="1" name="cuesz.membersummarygraph.advocate.Case62_Mastercorelation3monthstest" time="29.305" errors="0" timestamp="05 Dec 2023 11:46:28 GMT" skipped="0">
  <testcase classname="cuesz.membersummarygraph.advocate.Case62_Mastercorelation3monthstest" name="advocateMemberhoverTest" time="29.305"/>
</testsuite> <!-- cuesz.membersummarygraph.advocate.Case62_Mastercorelation3monthstest -->
