<?xml version="1.0" encoding="UTF-8"?>
<!-- Generated by org.testng.reporters.JUnitReportReporter -->
<testsuite hostname="Taraniya" failures="0" tests="1" name="cuesz.membersummarytest.advocate.Case30_MS_Deletenewgoaltest" time="66.648" errors="0" timestamp="2023-09-24T23:32:43 IST" skipped="0">
  <testcase classname="cuesz.membersummarytest.advocate.Case30_MS_Deletenewgoaltest" name="advocatdeletegoaltTest" time="66.648"/>
  <system-out/>
</testsuite> <!-- cuesz.membersummarytest.advocate.Case30_MS_Deletenewgoaltest -->
