<?xml version="1.0" encoding="UTF-8"?>
<!-- Generated by org.testng.reporters.JUnitReportReporter -->
<testsuite hostname="cpe-192-180-5-27.kya.res.rr.com" failures="0" tests="1" name="cuesz.logictest.advocate.Case36_MSL_Staffnotestest" time="89.545" errors="0" timestamp="27 Sept 2023 16:08:44 GMT" skipped="0">
  <testcase classname="cuesz.logictest.advocate.Case36_MSL_Staffnotestest" name="advocatelogicmemberTest" time="89.545"/>
</testsuite> <!-- cuesz.logictest.advocate.Case36_MSL_Staffnotestest -->
