<?xml version="1.0" encoding="UTF-8"?>
<!-- Generated by org.testng.reporters.JUnitReportReporter -->
<testsuite hostname="Taraniya" failures="0" tests="1" name="cuesz.schduletest.advocate.Case05_daymonthweektest" time="19.863" errors="0" timestamp="2023-09-09T22:53:41 IST" skipped="0">
  <testcase classname="cuesz.schduletest.advocate.Case05_daymonthweektest" name="advocateScheduleEventdaymonthweekTest" time="19.863"/>
  <system-out/>
</testsuite> <!-- cuesz.schduletest.advocate.Case05_daymonthweektest -->
