<?xml version="1.0" encoding="UTF-8"?>
<!-- Generated by org.testng.reporters.JUnitReportReporter -->
<testsuite hostname="cpe-192-180-5-27.kya.res.rr.com" failures="0" tests="1" name="cuesz.membersummarytest.advocate.Case19_MS_Preferencestest" time="49.818" errors="0" timestamp="25 Sept 2023 17:35:38 GMT" skipped="0">
  <testcase classname="cuesz.membersummarytest.advocate.Case19_MS_Preferencestest" name="advocatepreferenceTest" time="49.818"/>
</testsuite> <!-- cuesz.membersummarytest.advocate.Case19_MS_Preferencestest -->
