<?xml version="1.0" encoding="UTF-8"?>
<!-- Generated by org.testng.reporters.JUnitReportReporter -->
<testsuite hostname="Taraniya" failures="0" tests="1" name="cuesz.logintest.AdvocateLogin" time="2.144" errors="0" timestamp="2023-08-12T15:51:38 IST" skipped="0">
  <testcase classname="cuesz.logintest.AdvocateLogin" name="testAdvocateLogin" time="2.144"/>
  <system-out/>
</testsuite> <!-- cuesz.logintest.AdvocateLogin -->
