<?xml version="1.0" encoding="UTF-8"?>
<!-- Generated by org.testng.reporters.JUnitReportReporter -->
<testsuite hostname="cpe-192-180-0-80.kya.res.rr.com" failures="0" tests="1" name="cuesz.schduletest.advocate.Case12_01_SE_createvent_withouttime" time="31.090" errors="0" timestamp="2023-09-12T13:02:08 IST" skipped="0">
  <testcase classname="cuesz.schduletest.advocate.Case12_01_SE_createvent_withouttime" name="advocatecreateEventwithouttimeTest" time="31.090"/>
</testsuite> <!-- cuesz.schduletest.advocate.Case12_01_SE_createvent_withouttime -->
