<?xml version="1.0" encoding="UTF-8"?>
<!-- Generated by org.testng.reporters.JUnitReportReporter -->
<testsuite hostname="cpe-192-180-0-80.kya.res.rr.com" failures="0" tests="1" name="cuesz.logictest.advocate.Case42_MSL_Performtest" time="130.279" errors="0" timestamp="2023-09-18T18:25:25 IST" skipped="0">
  <testcase classname="cuesz.logictest.advocate.Case42_MSL_Performtest" name="advocatelogicmemberTest" time="130.279"/>
</testsuite> <!-- cuesz.logictest.advocate.Case42_MSL_Performtest -->
