<?xml version="1.0" encoding="UTF-8"?>
<!-- Generated by org.testng.reporters.JUnitReportReporter -->
<testsuite hostname="cpe-192-180-5-27.kya.res.rr.com" failures="0" tests="1" name="cuesz.membersummarygraph.advocate.Case62_Mastercorelationtest" time="25.133" errors="0" timestamp="27 Sept 2023 16:31:48 GMT" skipped="0">
  <testcase classname="cuesz.membersummarygraph.advocate.Case62_Mastercorelationtest" name="advocateMemberhoverTest" time="25.133"/>
</testsuite> <!-- cuesz.membersummarygraph.advocate.Case62_Mastercorelationtest -->
