<?xml version="1.0" encoding="UTF-8"?>
<!-- Generated by org.testng.reporters.JUnitReportReporter -->
<testsuite hostname="Taraniya" failures="0" tests="1" name="cuesz.membersummarygraph.advocate.Case65_BiofeedbackAnalysistest" time="64.405" errors="0" timestamp="2023-09-02T23:45:35 IST" skipped="0">
  <testcase classname="cuesz.membersummarygraph.advocate.Case65_BiofeedbackAnalysistest" name="advocateMemberhoverTest" time="64.405"/>
  <system-out/>
</testsuite> <!-- cuesz.membersummarygraph.advocate.Case65_BiofeedbackAnalysistest -->
