<?xml version="1.0" encoding="UTF-8"?>
<!-- Generated by org.testng.reporters.JUnitReportReporter -->
<testsuite hostname="Taraniya" failures="0" tests="1" name="cuesz.membersummarygraph.advocate.Case66_TrainingLoadAnalysistest" time="70.828" errors="0" timestamp="2023-09-03T00:02:03 IST" skipped="0">
  <testcase classname="cuesz.membersummarygraph.advocate.Case66_TrainingLoadAnalysistest" name="advocateMemberhoverTest" time="70.828"/>
  <system-out/>
</testsuite> <!-- cuesz.membersummarygraph.advocate.Case66_TrainingLoadAnalysistest -->
