<?xml version="1.0" encoding="UTF-8"?>
<!-- Generated by org.testng.reporters.JUnitReportReporter -->
<testsuite hostname="cpe-192-180-0-80.kya.res.rr.com" failures="0" tests="1" name="cuesz.membersummarygraph.advocate.Case63_CorrelationAnalysistest2extendetest" time="78.541" errors="0" timestamp="2023-09-01T18:35:16 IST" skipped="0">
  <testcase classname="cuesz.membersummarygraph.advocate.Case63_CorrelationAnalysistest2extendetest" name="advocateMemberhoverTest" time="78.541"/>
</testsuite> <!-- cuesz.membersummarygraph.advocate.Case63_CorrelationAnalysistest2extendetest -->
