<?xml version="1.0" encoding="UTF-8"?>
<!-- Generated by org.testng.reporters.JUnitReportReporter -->
<testsuite hostname="cpe-192-180-0-81.kya.res.rr.com" failures="0" tests="1" name="cuesz.membersummarytest.advocate.Case18_MS_DotAbiltest" time="36.958" errors="0" timestamp="2023-08-18T12:40:26 IST" skipped="0">
  <testcase classname="cuesz.membersummarytest.advocate.Case18_MS_DotAbiltest" name="advocateScheduleEventTest" time="36.958"/>
</testsuite> <!-- cuesz.membersummarytest.advocate.Case18_MS_DotAbiltest -->
