<?xml version="1.0" encoding="UTF-8"?>
<!-- Generated by org.testng.reporters.JUnitReportReporter -->
<testsuite hostname="cpe-192-180-0-80.kya.res.rr.com" failures="0" tests="1" name="cuesz.logictest.advocate.Case44_MSL_Mindfultest" time="143.427" errors="0" timestamp="2023-08-23T14:50:19 IST" skipped="0">
  <testcase classname="cuesz.logictest.advocate.Case44_MSL_Mindfultest" name="advocatelogicmemberTest" time="143.427"/>
</testsuite> <!-- cuesz.logictest.advocate.Case44_MSL_Mindfultest -->
