<?xml version="1.0" encoding="UTF-8"?>
<!-- Generated by org.testng.reporters.JUnitReportReporter -->
<testsuite hostname="cpe-192-180-0-80.kya.res.rr.com" failures="0" tests="1" name="cuesz.membersummarygraph.advocate.Case61_InsightsDashboardtest" time="28.083" errors="0" timestamp="2023-09-07T12:18:08 IST" skipped="0">
  <testcase classname="cuesz.membersummarygraph.advocate.Case61_InsightsDashboardtest" name="advocateMemberhoverTest" time="28.083"/>
</testsuite> <!-- cuesz.membersummarygraph.advocate.Case61_InsightsDashboardtest -->
