<?xml version="1.0" encoding="UTF-8"?>
<!-- Generated by org.testng.reporters.JUnitReportReporter -->
<testsuite hostname="Taraniya" failures="0" tests="1" name="cuesz.schduletest.advocate.Case01_createventtest" time="47.305" errors="0" timestamp="2023-08-21T01:31:43 IST" skipped="0">
  <testcase classname="cuesz.schduletest.advocate.Case01_createventtest" name="advocateScheduleEventTest" time="47.305"/>
  <system-out/>
</testsuite> <!-- cuesz.schduletest.advocate.Case01_createventtest -->
