<?xml version="1.0" encoding="UTF-8"?>
<!-- Generated by org.testng.reporters.JUnitReportReporter -->
<testsuite hostname="Taraniya" failures="0" tests="1" name="cuesz.logintest.AdvocateLogin" time="5.263" errors="0" timestamp="2023-09-08T22:38:04 IST" skipped="0">
  <testcase classname="cuesz.logintest.AdvocateLogin" name="testAdvocateLogin" time="5.263"/>
  <system-out/>
</testsuite> <!-- cuesz.logintest.AdvocateLogin -->
