<?xml version="1.0" encoding="UTF-8"?>
<!-- Generated by org.testng.reporters.JUnitReportReporter -->
<testsuite hostname="cpe-192-180-5-27.kya.res.rr.com" failures="0" tests="1" name="cuesz02.Iosapp_member_home_PerformScreen.Case12_Perform_additionalactivity" time="59.861" errors="0" timestamp="13 Oct 2023 11:06:40 GMT" skipped="0">
  <testcase classname="cuesz02.Iosapp_member_home_PerformScreen.Case12_Perform_additionalactivity" name="perfom_recommendedactivty" time="59.861"/>
</testsuite> <!-- cuesz02.Iosapp_member_home_PerformScreen.Case12_Perform_additionalactivity -->
