<?xml version="1.0" encoding="UTF-8"?>
<!-- Generated by org.testng.reporters.JUnitReportReporter -->
<testsuite hostname="Taraniya" failures="0" tests="1" name="cuesz.membersummarytest.advocate.Case26_MS_Fuelactivitytest" time="114.517" errors="0" timestamp="2023-09-10T11:58:50 IST" skipped="0">
  <testcase classname="cuesz.membersummarytest.advocate.Case26_MS_Fuelactivitytest" name="advocatefuelactivityTest" time="114.517"/>
  <system-out/>
</testsuite> <!-- cuesz.membersummarytest.advocate.Case26_MS_Fuelactivitytest -->
