<?xml version="1.0" encoding="UTF-8"?>
<!-- Generated by org.testng.reporters.JUnitReportReporter -->
<testsuite hostname="cpe-192-180-0-80.kya.res.rr.com" failures="0" tests="1" name="cuesz.logictest.advocate.Case45_MSL_restoretest" time="149.175" errors="0" timestamp="2023-09-15T11:45:06 IST" skipped="0">
  <testcase classname="cuesz.logictest.advocate.Case45_MSL_restoretest" name="advocatelogicmemberTest" time="149.175"/>
</testsuite> <!-- cuesz.logictest.advocate.Case45_MSL_restoretest -->
