<?xml version="1.0" encoding="UTF-8"?>
<!-- Generated by org.testng.reporters.JUnitReportReporter -->
<testsuite hostname="cpe-192-180-5-27.kya.res.rr.com" failures="0" tests="1" name="cuesz.membersummarytest.advocate.Case16_MS_searchclik" time="14.709" errors="0" timestamp="23 Sept 2023 02:36:33 GMT" skipped="0">
  <testcase classname="cuesz.membersummarytest.advocate.Case16_MS_searchclik" name="advocatemembersearchTest" time="14.709"/>
</testsuite> <!-- cuesz.membersummarytest.advocate.Case16_MS_searchclik -->
