<?xml version="1.0" encoding="UTF-8"?>
<!-- Generated by org.testng.reporters.JUnitReportReporter -->
<testsuite hostname="cpe-192-180-5-27.kya.res.rr.com" failures="0" tests="1" name="cuesz.logictest.advocate.Case44_MSL_Mindfultest" time="95.632" errors="0" timestamp="09 Oct 2023 05:26:02 GMT" skipped="0">
  <testcase classname="cuesz.logictest.advocate.Case44_MSL_Mindfultest" name="advocatelogicmemberTest" time="95.632"/>
</testsuite> <!-- cuesz.logictest.advocate.Case44_MSL_Mindfultest -->
