<?xml version="1.0" encoding="UTF-8"?>
<!-- Generated by org.testng.reporters.JUnitReportReporter -->
<testsuite hostname="192-180-005-027.res.spectrum.com" failures="0" tests="1" name="cuesz01.Iosapp_member_homeScreen.Case03_Homescreen_sphere" time="28.017" errors="0" timestamp="20 Dec 2023 10:47:14 GMT" skipped="0">
  <testcase classname="cuesz01.Iosapp_member_homeScreen.Case03_Homescreen_sphere" name="Homescreensperators" time="28.017"/>
</testsuite> <!-- cuesz01.Iosapp_member_homeScreen.Case03_Homescreen_sphere -->
