<?xml version="1.0" encoding="UTF-8"?>
<!-- Generated by org.testng.reporters.JUnitReportReporter -->
<testsuite hostname="cpe-192-180-0-80.kya.res.rr.com" failures="0" tests="1" name="cuesz.membersummarygraph.advocate.Case62_Mastercorelation3monthstest" time="43.676" errors="0" timestamp="2023-08-31T17:37:39 IST" skipped="0">
  <testcase classname="cuesz.membersummarygraph.advocate.Case62_Mastercorelation3monthstest" name="advocateMemberhoverTest" time="43.676"/>
</testsuite> <!-- cuesz.membersummarygraph.advocate.Case62_Mastercorelation3monthstest -->
