<?xml version="1.0" encoding="UTF-8"?>
<!-- Generated by org.testng.reporters.JUnitReportReporter -->
<testsuite hostname="cpe-192-180-5-27.kya.res.rr.com" failures="0" tests="1" name="cuesz.dashboard.advocate.Step14_DB_Clocktest" time="15.412" errors="0" timestamp="06 Oct 2023 15:30:13 GMT" skipped="0">
  <testcase classname="cuesz.dashboard.advocate.Step14_DB_Clocktest" name="advocateScheduleEventTest" time="15.412"/>
</testsuite> <!-- cuesz.dashboard.advocate.Step14_DB_Clocktest -->
