<?xml version="1.0" encoding="UTF-8"?>
<!-- Generated by org.testng.reporters.JUnitReportReporter -->
<testsuite hostname="cpe-192-180-5-27.kya.res.rr.com" failures="0" tests="1" name="cuesz01.Iosapp_member_homeScreen.Case01_Logincopy" time="0.719" errors="1" timestamp="27 Sept 2023 12:43:32 GMT" skipped="0">
  <testcase classname="cuesz01.Iosapp_member_homeScreen.Case01_Logincopy" name="login" time="0.719">
    <error message="Could not start a new session. Response code 500. Message: An unknown server-side error occurred while processing the command. Original error: Unknown device or simulator UDID: &#039; 00008110-00142D610A79801E&#039; 
Host info: host: &#039;cpe-192-180-5-27.kya.res.rr.com&#039;, ip: &#039;fe80:0:0:0:1c14:6df5:33f8:987b%en0&#039;
Build info: version: &#039;4.13.0&#039;, revision: &#039;ba948ece5b*&#039;
System info: os.name: &#039;Mac OS X&#039;, os.arch: &#039;x86_64&#039;, os.version: &#039;14.0&#039;, java.version: &#039;21&#039;
Driver info: io.appium.java_client.ios.IOSDriver
Command: [null, newSession {capabilities=[{appium:app=/Users/chicmic/Library/Developer/Xcode/DerivedData/Cuesz-hdxdkjshiithbzbsbrpmxverlvva/Build/Products/Release-iphoneos/Cuesz.app , appium:automationName=XCuiTest, appium:deviceName=Quality iphone 13, platformName=IOS, appium:udid= 00008110-00142D610A79801E, appium:updateWDABundleID=com.cuesz.mobile, appium:xcodeOrgId= Cuesz Limited, appium:xcodeSigningId=iPhone Developer}], desiredCapabilities=Capabilities {app: /Users/chicmic/Library/Deve..., automationName: XCuiTest, deviceName: Quality iphone 13, platformName: IOS, udid:  00008110-00142D610A79801E, updateWDABundleID: com.cuesz.mobile, xcodeOrgId:  Cuesz Limited, xcodeSigningId: iPhone Developer}}]
Capabilities {app: /Users/chicmic/Library/Deve..., automationName: XCuiTest, deviceName: Quality iphone 13, platformName: IOS, udid:  00008110-00142D610A79801E, updateWDABundleID: com.cuesz.mobile, xcodeOrgId:  Cuesz Limited, xcodeSigningId: iPhone Developer}" type="org.openqa.selenium.SessionNotCreatedException">
      <![CDATA[org.openqa.selenium.SessionNotCreatedException: Could not start a new session. Response code 500. Message: An unknown server-side error occurred while processing the command. Original error: Unknown device or simulator UDID: ' 00008110-00142D610A79801E' 
Host info: host: 'cpe-192-180-5-27.kya.res.rr.com', ip: 'fe80:0:0:0:1c14:6df5:33f8:987b%en0'
Build info: version: '4.13.0', revision: 'ba948ece5b*'
System info: os.name: 'Mac OS X', os.arch: 'x86_64', os.version: '14.0', java.version: '21'
Driver info: io.appium.java_client.ios.IOSDriver
Command: [null, newSession {capabilities=[{appium:app=/Users/chicmic/Library/Developer/Xcode/DerivedData/Cuesz-hdxdkjshiithbzbsbrpmxverlvva/Build/Products/Release-iphoneos/Cuesz.app , appium:automationName=XCuiTest, appium:deviceName=Quality iphone 13, platformName=IOS, appium:udid= 00008110-00142D610A79801E, appium:updateWDABundleID=com.cuesz.mobile, appium:xcodeOrgId= Cuesz Limited, appium:xcodeSigningId=iPhone Developer}], desiredCapabilities=Capabilities {app: /Users/chicmic/Library/Deve..., automationName: XCuiTest, deviceName: Quality iphone 13, platformName: IOS, udid:  00008110-00142D610A79801E, updateWDABundleID: com.cuesz.mobile, xcodeOrgId:  Cuesz Limited, xcodeSigningId: iPhone Developer}}]
Capabilities {app: /Users/chicmic/Library/Deve..., automationName: XCuiTest, deviceName: Quality iphone 13, platformName: IOS, udid:  00008110-00142D610A79801E, updateWDABundleID: com.cuesz.mobile, xcodeOrgId:  Cuesz Limited, xcodeSigningId: iPhone Developer}
	at org.openqa.selenium.remote.ProtocolHandshake.createSession(ProtocolHandshake.java:140)
	at java.base/jdk.internal.reflect.DirectMethodHandleAccessor.invoke(DirectMethodHandleAccessor.java:103)
	at java.base/java.lang.reflect.Method.invoke(Method.java:580)
	at io.appium.java_client.remote.AppiumProtocolHandshake.createSession(AppiumProtocolHandshake.java:133)
	at io.appium.java_client.remote.AppiumProtocolHandshake.createSession(AppiumProtocolHandshake.java:102)
	at io.appium.java_client.remote.AppiumCommandExecutor.createSession(AppiumCommandExecutor.java:182)
	at io.appium.java_client.remote.AppiumCommandExecutor.execute(AppiumCommandExecutor.java:250)
	at org.openqa.selenium.remote.RemoteWebDriver.execute(RemoteWebDriver.java:602)
	at io.appium.java_client.AppiumDriver.startSession(AppiumDriver.java:274)
	at org.openqa.selenium.remote.RemoteWebDriver.<init>(RemoteWebDriver.java:163)
	at io.appium.java_client.AppiumDriver.<init>(AppiumDriver.java:89)
	at io.appium.java_client.AppiumDriver.<init>(AppiumDriver.java:101)
	at io.appium.java_client.ios.IOSDriver.<init>(IOSDriver.java:104)
	at cuesz01.Iosapp_member_homeScreen.Case01_Logincopy.login(Case01_Logincopy.java:39)
	at java.base/jdk.internal.reflect.DirectMethodHandleAccessor.invoke(DirectMethodHandleAccessor.java:103)
	at java.base/java.lang.reflect.Method.invoke(Method.java:580)
	at org.testng.internal.MethodInvocationHelper.invokeMethod(MethodInvocationHelper.java:108)
	at org.testng.internal.Invoker.invokeMethod(Invoker.java:661)
	at org.testng.internal.Invoker.invokeTestMethod(Invoker.java:869)
	at org.testng.internal.Invoker.invokeTestMethods(Invoker.java:1193)
	at org.testng.internal.TestMethodWorker.invokeTestMethods(TestMethodWorker.java:126)
	at org.testng.internal.TestMethodWorker.run(TestMethodWorker.java:109)
	at org.testng.TestRunner.privateRun(TestRunner.java:744)
	at org.testng.TestRunner.run(TestRunner.java:602)
	at org.testng.SuiteRunner.runTest(SuiteRunner.java:380)
	at org.testng.SuiteRunner.runSequentially(SuiteRunner.java:375)
	at org.testng.SuiteRunner.privateRun(SuiteRunner.java:340)
	at org.testng.SuiteRunner.run(SuiteRunner.java:289)
	at org.testng.SuiteRunnerWorker.runSuite(SuiteRunnerWorker.java:52)
	at org.testng.SuiteRunnerWorker.run(SuiteRunnerWorker.java:86)
	at org.testng.TestNG.runSuitesSequentially(TestNG.java:1301)
	at org.testng.TestNG.runSuitesLocally(TestNG.java:1226)
	at org.testng.TestNG.runSuites(TestNG.java:1144)
	at org.testng.TestNG.run(TestNG.java:1115)
	at org.testng.remote.AbstractRemoteTestNG.run(AbstractRemoteTestNG.java:115)
	at org.testng.remote.RemoteTestNG.initAndRun(RemoteTestNG.java:251)
	at org.testng.remote.RemoteTestNG.main(RemoteTestNG.java:77)
]]>
    </error>
  </testcase> <!-- login -->
</testsuite> <!-- cuesz01.Iosapp_member_homeScreen.Case01_Logincopy -->
