<?xml version="1.0" encoding="UTF-8"?>
<!-- Generated by org.testng.reporters.JUnitReportReporter -->
<testsuite hostname="cpe-192-180-0-80.kya.res.rr.com" failures="0" tests="1" name="cuesz.schduletest.advocate.Case12_05_SE_edit_staffevent" time="37.331" errors="0" timestamp="2023-09-12T12:10:12 IST" skipped="0">
  <testcase classname="cuesz.schduletest.advocate.Case12_05_SE_edit_staffevent" name="advocateeditstaffEventTest" time="37.331"/>
</testsuite> <!-- cuesz.schduletest.advocate.Case12_05_SE_edit_staffevent -->
