<?xml version="1.0" encoding="UTF-8"?>
<!-- Generated by org.testng.reporters.JUnitReportReporter -->
<testsuite hostname="cpe-192-180-5-27.kya.res.rr.com" failures="0" tests="1" name="cuesz.schduletest.advocate.Step12_09_SE_createeventforpasttest" time="15.876" errors="0" timestamp="06 Oct 2023 18:21:19 GMT" skipped="0">
  <testcase classname="cuesz.schduletest.advocate.Step12_09_SE_createeventforpasttest" name="advocateSchedulefromcalendarEventTest" time="15.876"/>
</testsuite> <!-- cuesz.schduletest.advocate.Step12_09_SE_createeventforpasttest -->
