<?xml version="1.0" encoding="UTF-8"?>
<!-- Generated by org.testng.reporters.JUnitReportReporter -->
<testsuite hostname="cpe-192-180-5-27.kya.res.rr.com" failures="0" tests="1" name="cuesz02.Iosapp_member_home_PerformScreen.Case16_Perform_Vo2" time="43.678" errors="0" timestamp="25 Oct 2023 06:39:08 GMT" skipped="0">
  <testcase classname="cuesz02.Iosapp_member_home_PerformScreen.Case16_Perform_Vo2" name="perfom_vo2activity" time="43.678"/>
</testsuite> <!-- cuesz02.Iosapp_member_home_PerformScreen.Case16_Perform_Vo2 -->
