<?xml version="1.0" encoding="UTF-8"?>
<!-- Generated by org.testng.reporters.JUnitReportReporter -->
<testsuite hostname="cpe-192-180-5-27.kya.res.rr.com" failures="0" tests="1" name="cuesz.liveperform.advocate.Case72_creatLiveperformtest" time="43.424" errors="0" timestamp="28 Sept 2023 06:34:52 GMT" skipped="0">
  <testcase classname="cuesz.liveperform.advocate.Case72_creatLiveperformtest" name="advocateSchedulecreateeventTest" time="43.424"/>
</testsuite> <!-- cuesz.liveperform.advocate.Case72_creatLiveperformtest -->
