<?xml version="1.0" encoding="UTF-8"?>
<!-- Generated by org.testng.reporters.JUnitReportReporter -->
<testsuite hostname="Taraniya" failures="0" tests="1" name="cuesz.schduletest.advocate.Case01_createventtest" time="45.014" errors="0" timestamp="2023-08-12T23:18:38 IST" skipped="0">
  <testcase classname="cuesz.schduletest.advocate.Case01_createventtest" name="advocateScheduleEventTest" time="45.014"/>
  <system-out/>
</testsuite> <!-- cuesz.schduletest.advocate.Case01_createventtest -->
