<?xml version="1.0" encoding="UTF-8"?>
<!-- Generated by org.testng.reporters.JUnitReportReporter -->
<testsuite hostname="cpe-192-180-0-80.kya.res.rr.com" failures="0" tests="1" name="cuesz.schduletest.advocate.Case04_deleteventtest" time="34.392" errors="0" timestamp="2023-09-12T12:56:40 IST" skipped="0">
  <testcase classname="cuesz.schduletest.advocate.Case04_deleteventtest" name="advocateScheduledeleteEventTest" time="34.392"/>
</testsuite> <!-- cuesz.schduletest.advocate.Case04_deleteventtest -->
