<?xml version="1.0" encoding="UTF-8"?>
<!-- Generated by org.testng.reporters.JUnitReportReporter -->
<testsuite hostname="cpe-192-180-0-81.kya.res.rr.com" failures="0" tests="1" name="cuesz.schduletest.advocate.Case12_04_SE_view_staffevent" time="20.929" errors="0" timestamp="2023-08-17T14:53:15 IST" skipped="0">
  <testcase classname="cuesz.schduletest.advocate.Case12_04_SE_view_staffevent" name="advocateScheduleEventTest" time="20.929"/>
</testsuite> <!-- cuesz.schduletest.advocate.Case12_04_SE_view_staffevent -->
