<?xml version="1.0" encoding="UTF-8"?>
<!-- Generated by org.testng.reporters.JUnitReportReporter -->
<testsuite hostname="cpe-192-180-5-27.kya.res.rr.com" failures="0" tests="1" name="cuesz.membercommunication.advocate.Case47_Membersearchtest" time="64.249" errors="0" timestamp="06 Oct 2023 18:03:14 GMT" skipped="0">
  <testcase classname="cuesz.membercommunication.advocate.Case47_Membersearchtest" name="advocatecmembercommunictaeTest" time="64.249"/>
</testsuite> <!-- cuesz.membercommunication.advocate.Case47_Membersearchtest -->
