<?xml version="1.0" encoding="UTF-8"?>
<!-- Generated by org.testng.reporters.JUnitReportReporter -->
<testsuite hostname="192-180-005-027.res.spectrum.com" failures="0" tests="1" name="cuesz.membersummarytest.advocate.Case71_MS_bodyscancomparetest" time="47.451" errors="0" timestamp="28 Dec 2023 09:05:10 GMT" skipped="0">
  <testcase classname="cuesz.membersummarytest.advocate.Case71_MS_bodyscancomparetest" name="advocatebodyscanresultTest" time="47.451"/>
</testsuite> <!-- cuesz.membersummarytest.advocate.Case71_MS_bodyscancomparetest -->
