<?xml version="1.0" encoding="UTF-8"?>
<!-- Generated by org.testng.reporters.JUnitReportReporter -->
<testsuite hostname="cpe-192-180-0-81.kya.res.rr.com" failures="0" tests="1" name="cuesz.schduletest.advocate.Case05_daymonthweektest" time="12.121" errors="0" timestamp="2023-08-17T12:56:29 IST" skipped="0">
  <testcase classname="cuesz.schduletest.advocate.Case05_daymonthweektest" name="advocateScheduleEventTest" time="12.121"/>
</testsuite> <!-- cuesz.schduletest.advocate.Case05_daymonthweektest -->
