<?xml version="1.0" encoding="UTF-8"?>
<!-- Generated by org.testng.reporters.JUnitReportReporter -->
<testsuite hostname="cpe-192-180-5-27.kya.res.rr.com" failures="0" tests="1" name="cuesz.logintest.AdvocateLogin" time="3.606" errors="0" timestamp="22 Sept 2023 11:33:43 GMT" skipped="0">
  <testcase classname="cuesz.logintest.AdvocateLogin" name="testAdvocateLogin" time="3.606"/>
</testsuite> <!-- cuesz.logintest.AdvocateLogin -->
