<?xml version="1.0" encoding="UTF-8"?>
<!-- Generated by org.testng.reporters.JUnitReportReporter -->
<testsuite hostname="Taraniya" failures="0" tests="1" name="cuesz.schduletest.advocate.Case01_createventtest" time="60.596" errors="0" timestamp="2023-09-20T07:24:39 IST" skipped="0">
  <testcase classname="cuesz.schduletest.advocate.Case01_createventtest" name="advocateSchedulecreateeventTest" time="60.596"/>
  <system-out/>
</testsuite> <!-- cuesz.schduletest.advocate.Case01_createventtest -->
