<?xml version="1.0" encoding="UTF-8"?>
<!-- Generated by org.testng.reporters.JUnitReportReporter -->
<testsuite hostname="Taraniya" failures="0" tests="1" name="cuesz.schduletest.advocate.Case04_deleteventtest" time="37.834" errors="0" timestamp="2023-09-13T22:40:19 IST" skipped="0">
  <testcase classname="cuesz.schduletest.advocate.Case04_deleteventtest" name="advocateScheduledeleteEventTest" time="37.834"/>
  <system-out/>
</testsuite> <!-- cuesz.schduletest.advocate.Case04_deleteventtest -->
