<?xml version="1.0" encoding="UTF-8"?>
<!-- Generated by org.testng.reporters.JUnitReportReporter -->
<testsuite hostname="cpe-192-180-5-27.kya.res.rr.com" failures="0" tests="1" name="cuesz.schduletest.advocate.Case12_05_SE_edit_staffevent" time="31.089" errors="0" timestamp="27 Sept 2023 16:58:25 GMT" skipped="0">
  <testcase classname="cuesz.schduletest.advocate.Case12_05_SE_edit_staffevent" name="advocateeditstaffEventTest" time="31.089"/>
</testsuite> <!-- cuesz.schduletest.advocate.Case12_05_SE_edit_staffevent -->
