<?xml version="1.0" encoding="UTF-8"?>
<!-- Generated by org.testng.reporters.JUnitReportReporter -->
<testsuite hostname="192-180-005-027.res.spectrum.com" failures="0" tests="1" name="cuesz01.Iosapp_member_homeScreen.Case09_Homescreen_LPgretherthan15min" time="14.669" errors="0" timestamp="20 Dec 2023 11:56:05 GMT" skipped="0">
  <testcase classname="cuesz01.Iosapp_member_homeScreen.Case09_Homescreen_LPgretherthan15min" name="HomescreenLiveperfrom" time="14.669"/>
</testsuite> <!-- cuesz01.Iosapp_member_homeScreen.Case09_Homescreen_LPgretherthan15min -->
