<?xml version="1.0" encoding="UTF-8"?>
<!-- Generated by org.testng.reporters.JUnitReportReporter -->
<testsuite hostname="cpe-192-180-5-27.kya.res.rr.com" failures="0" tests="1" name="cuesz.membersummarytest.advocate.Case27_MS_Restoreactivitytest" time="68.923" errors="0" timestamp="23 Sept 2023 02:50:47 GMT" skipped="0">
  <testcase classname="cuesz.membersummarytest.advocate.Case27_MS_Restoreactivitytest" name="advocaterestoractivityTest" time="68.923"/>
</testsuite> <!-- cuesz.membersummarytest.advocate.Case27_MS_Restoreactivitytest -->
