<?xml version="1.0" encoding="UTF-8"?>
<!-- Generated by org.testng.reporters.JUnitReportReporter -->
<testsuite hostname="cpe-192-180-0-80.kya.res.rr.com" failures="0" tests="1" name="cuesz.logictest.advocate.Case36_MSL_Staffnotestest" time="71.658" errors="0" timestamp="2023-09-15T11:48:42 IST" skipped="0">
  <testcase classname="cuesz.logictest.advocate.Case36_MSL_Staffnotestest" name="advocatelogicmemberTest" time="71.658"/>
</testsuite> <!-- cuesz.logictest.advocate.Case36_MSL_Staffnotestest -->
