<?xml version="1.0" encoding="UTF-8"?>
<!-- Generated by org.testng.reporters.JUnitReportReporter -->
<testsuite hostname="cpe-192-180-0-80.kya.res.rr.com" failures="0" tests="1" name="cuesz.membersummarygraph.advocate.Case79_WeeklyAndMonthlySummariestest" time="57.478" errors="0" timestamp="2023-09-19T15:23:45 IST" skipped="0">
  <testcase classname="cuesz.membersummarygraph.advocate.Case79_WeeklyAndMonthlySummariestest" name="advocateMemberhoverTest" time="57.478"/>
</testsuite> <!-- cuesz.membersummarygraph.advocate.Case79_WeeklyAndMonthlySummariestest -->
