<?xml version="1.0" encoding="UTF-8"?>
<!-- Generated by org.testng.reporters.JUnitReportReporter -->
<testsuite hostname="cpe-192-180-5-27.kya.res.rr.com" failures="0" tests="1" name="cuesz.membersummary.fuelreport.advocate.Case82_FuelRecommendationtest" time="92.941" errors="0" timestamp="23 Oct 2023 09:41:49 GMT" skipped="0">
  <testcase classname="cuesz.membersummary.fuelreport.advocate.Case82_FuelRecommendationtest" name="advocateMemberhoverTest" time="92.941"/>
</testsuite> <!-- cuesz.membersummary.fuelreport.advocate.Case82_FuelRecommendationtest -->
