<?xml version="1.0" encoding="UTF-8"?>
<!-- Generated by org.testng.reporters.JUnitReportReporter -->
<testsuite hostname="Taraniya" failures="0" tests="1" name="cuesz.membersummarytest.advocate.Case29_MS_Editnewgoaltest" time="114.518" errors="0" timestamp="2023-11-05T21:18:53 IST" skipped="0">
  <testcase classname="cuesz.membersummarytest.advocate.Case29_MS_Editnewgoaltest" name="advocateeditgoaltTest" time="114.518"/>
  <system-out/>
</testsuite> <!-- cuesz.membersummarytest.advocate.Case29_MS_Editnewgoaltest -->
