<?xml version="1.0" encoding="UTF-8"?>
<!-- Generated by org.testng.reporters.JUnitReportReporter -->
<testsuite hostname="Taraniya" failures="0" tests="1" name="cuesz.membersummary.fuelreport.advocate.Case67_Fueldashboardtest" time="75.707" errors="0" timestamp="2023-09-03T12:21:44 IST" skipped="0">
  <testcase classname="cuesz.membersummary.fuelreport.advocate.Case67_Fueldashboardtest" name="advocateMemberhoverTest" time="75.707"/>
  <system-out/>
</testsuite> <!-- cuesz.membersummary.fuelreport.advocate.Case67_Fueldashboardtest -->
