<?xml version="1.0" encoding="UTF-8"?>
<!-- Generated by org.testng.reporters.JUnitReportReporter -->
<testsuite hostname="Taraniya" failures="0" tests="1" name="cuesz.schduletest.advocate.Case02_vieweventtest" time="29.129" errors="0" timestamp="2023-09-08T23:11:38 IST" skipped="0">
  <testcase classname="cuesz.schduletest.advocate.Case02_vieweventtest" name="advocateScheduleviewEventTest" time="29.129"/>
  <system-out/>
</testsuite> <!-- cuesz.schduletest.advocate.Case02_vieweventtest -->
