<?xml version="1.0" encoding="UTF-8"?>
<!-- Generated by org.testng.reporters.JUnitReportReporter -->
<testsuite hostname="cpe-192-180-5-27.kya.res.rr.com" failures="0" tests="1" name="cuesz01.Iosapp_member_homeScreen.Case02_Homescreen_spherespearator" time="48.734" errors="0" timestamp="04 Oct 2023 08:12:50 GMT" skipped="0">
  <testcase classname="cuesz01.Iosapp_member_homeScreen.Case02_Homescreen_spherespearator" name="Homescreen" time="48.734"/>
</testsuite> <!-- cuesz01.Iosapp_member_homeScreen.Case02_Homescreen_spherespearator -->
