<?xml version="1.0" encoding="UTF-8"?>
<!-- Generated by org.testng.reporters.JUnitReportReporter -->
<testsuite hostname="Taraniya" failures="0" tests="1" name="cuesz.logictest.advocate.Case43_MSL_Fueltest" time="414.262" errors="0" timestamp="2023-09-24T07:26:08 IST" skipped="0">
  <testcase classname="cuesz.logictest.advocate.Case43_MSL_Fueltest" name="advocatelogicmemberTest" time="414.262"/>
  <system-out/>
</testsuite> <!-- cuesz.logictest.advocate.Case43_MSL_Fueltest -->
