<?xml version="1.0" encoding="UTF-8"?>
<!-- Generated by org.testng.reporters.JUnitReportReporter -->
<testsuite hostname="cpe-192-180-0-80.kya.res.rr.com" failures="0" tests="1" name="cuesz.membercommunication.advocate.Case47_MembercommunictaionSearchtest" time="12.462" errors="0" timestamp="2023-08-28T11:56:28 IST" skipped="0">
  <testcase classname="cuesz.membercommunication.advocate.Case47_MembercommunictaionSearchtest" name="advocatecmembercommunictaesearchTest" time="12.462"/>
</testsuite> <!-- cuesz.membercommunication.advocate.Case47_MembercommunictaionSearchtest -->
