<?xml version="1.0" encoding="UTF-8"?>
<!-- Generated by org.testng.reporters.JUnitReportReporter -->
<testsuite hostname="Taraniya" failures="0" tests="1" name="cuesz.schduletest.advocate.Case04_deleteventtest" time="30.915" errors="0" timestamp="2023-08-13T00:30:06 IST" skipped="0">
  <testcase classname="cuesz.schduletest.advocate.Case04_deleteventtest" name="advocateScheduleEventTest" time="30.915"/>
  <system-out/>
</testsuite> <!-- cuesz.schduletest.advocate.Case04_deleteventtest -->
