<?xml version="1.0" encoding="UTF-8"?>
<!-- Generated by org.testng.reporters.JUnitReportReporter -->
<testsuite hostname="Taraniya" failures="0" tests="1" name="cuesz.membersummarytest.advocate.Case16_MS_searchclik" time="26.153" errors="0" timestamp="2023-10-29T22:37:54 IST" skipped="0">
  <testcase classname="cuesz.membersummarytest.advocate.Case16_MS_searchclik" name="advocatemembersearchTest" time="26.153"/>
  <system-out/>
</testsuite> <!-- cuesz.membersummarytest.advocate.Case16_MS_searchclik -->
