<?xml version="1.0" encoding="UTF-8"?>
<!-- Generated by org.testng.reporters.JUnitReportReporter -->
<testsuite hostname="cpe-192-180-5-27.kya.res.rr.com" failures="0" tests="1" name="cuesz01.Iosapp_member_homeScreen.Case10_Homescreen_LPwith15min" time="26.120" errors="0" timestamp="18 Oct 2023 11:55:56 GMT" skipped="0">
  <testcase classname="cuesz01.Iosapp_member_homeScreen.Case10_Homescreen_LPwith15min" name="HomescreenLiveperfrom" time="26.120"/>
</testsuite> <!-- cuesz01.Iosapp_member_homeScreen.Case10_Homescreen_LPwith15min -->
