<?xml version="1.0" encoding="UTF-8"?>
<!-- Generated by org.testng.reporters.JUnitReportReporter -->
<testsuite hostname="192-180-005-027.res.spectrum.com" failures="0" tests="1" name="cuesz02.Iosapp_member_home_PerformScreen.Case16_Perform_Vo2" time="59.585" errors="0" timestamp="22 Dec 2023 08:38:16 GMT" skipped="0">
  <testcase classname="cuesz02.Iosapp_member_home_PerformScreen.Case16_Perform_Vo2" name="perfom_vo2activity" time="59.585"/>
</testsuite> <!-- cuesz02.Iosapp_member_home_PerformScreen.Case16_Perform_Vo2 -->
