<?xml version="1.0" encoding="UTF-8"?>
<!-- Generated by org.testng.reporters.JUnitReportReporter -->
<testsuite hostname="Taraniya" failures="0" tests="1" name="cuesz.schduletest.advocate.Case02_vieweventtest" time="33.312" errors="0" timestamp="2023-08-12T23:48:11 IST" skipped="0">
  <testcase classname="cuesz.schduletest.advocate.Case02_vieweventtest" name="advocateScheduleEventTest" time="33.312"/>
  <system-out/>
</testsuite> <!-- cuesz.schduletest.advocate.Case02_vieweventtest -->
