<?xml version="1.0" encoding="UTF-8"?>
<!-- Generated by org.testng.reporters.JUnitReportReporter -->
<testsuite hostname="cpe-192-180-0-80.kya.res.rr.com" failures="0" tests="1" name="cuesz.membercommunication.advocate.Case48_Memberchattest" time="59.322" errors="0" timestamp="2023-09-14T17:31:16 IST" skipped="0">
  <testcase classname="cuesz.membercommunication.advocate.Case48_Memberchattest" name="advocatecmembercommunictaeTest" time="59.322"/>
</testsuite> <!-- cuesz.membercommunication.advocate.Case48_Memberchattest -->
