<?xml version="1.0" encoding="UTF-8"?>
<!-- Generated by org.testng.reporters.JUnitReportReporter -->
<testsuite hostname="cpe-192-180-1-209.kya.res.rr.com" failures="0" tests="1" name="cuesz.membersummarytest.advocate.Case20_MS_Fuelnotestest" time="38.039" errors="0" timestamp="2023-08-18T13:01:03 IST" skipped="0">
  <testcase classname="cuesz.membersummarytest.advocate.Case20_MS_Fuelnotestest" name="advocateScheduleEventTest" time="38.039"/>
</testsuite> <!-- cuesz.membersummarytest.advocate.Case20_MS_Fuelnotestest -->
