<?xml version="1.0" encoding="UTF-8"?>
<!-- Generated by org.testng.reporters.JUnitReportReporter -->
<testsuite hostname="cpe-192-180-0-80.kya.res.rr.com" failures="0" tests="1" name="cuesz.schduletest.advocate.Case09_MC_viewevent" time="23.317" errors="0" timestamp="2023-09-12T12:59:17 IST" skipped="0">
  <testcase classname="cuesz.schduletest.advocate.Case09_MC_viewevent" name="advocateScheduleEventTest" time="23.317"/>
</testsuite> <!-- cuesz.schduletest.advocate.Case09_MC_viewevent -->
