<?xml version="1.0" encoding="UTF-8"?>
<!-- Generated by org.testng.reporters.JUnitReportReporter -->
<testsuite hostname="cpe-192-180-5-27.kya.res.rr.com" failures="0" tests="1" name="cuesz.Iosapp.Case05_Homescreen_arrows" time="49.357" errors="0" timestamp="26 Sept 2023 11:32:20 GMT" skipped="0">
  <testcase classname="cuesz.Iosapp.Case05_Homescreen_arrows" name="Homescreensperators" time="49.357"/>
</testsuite> <!-- cuesz.Iosapp.Case05_Homescreen_arrows -->
