<?xml version="1.0" encoding="UTF-8"?>
<!-- Generated by org.testng.reporters.JUnitReportReporter -->
<testsuite hostname="cpe-192-180-0-80.kya.res.rr.com" failures="0" tests="3" name="cuesz.logintest.Invalidmockcase_LoginPagetest" time="29.987" errors="0" timestamp="2023-09-05T11:52:18 IST" skipped="0">
  <testcase classname="cuesz.logintest.Invalidmockcase_LoginPagetest" name="testLoginWhenInvalidEmailProvidedThenThrowsException" time="5.176"/>
  <testcase classname="cuesz.logintest.Invalidmockcase_LoginPagetest" name="testLoginWhenInvalidPasswordProvidedThenThrowsException" time="16.637"/>
  <testcase classname="cuesz.logintest.Invalidmockcase_LoginPagetest" name="testLoginWhenValidEmailAndPasswordProvidedThenInteractsWithWebDriverCorrectly" time="8.174"/>
</testsuite> <!-- cuesz.logintest.Invalidmockcase_LoginPagetest -->
