<?xml version="1.0" encoding="UTF-8"?>
<!-- Generated by org.testng.reporters.JUnitReportReporter -->
<testsuite hostname="cpe-192-180-0-80.kya.res.rr.com" failures="0" tests="1" name="cuesz.membersummarygraph.advocate.Case61_InsightsDashboardtest" time="50.510" errors="0" timestamp="2023-08-31T11:32:43 IST" skipped="0">
  <testcase classname="cuesz.membersummarygraph.advocate.Case61_InsightsDashboardtest" name="advocateMemberhoverTest" time="50.510"/>
</testsuite> <!-- cuesz.membersummarygraph.advocate.Case61_InsightsDashboardtest -->
