<?xml version="1.0" encoding="UTF-8"?>
<!-- Generated by org.testng.reporters.JUnitReportReporter -->
<testsuite hostname="cpe-192-180-5-27.kya.res.rr.com" failures="0" tests="1" name="cuesz.schduletest.advocate.Case12_03_SE_create_staffevent" time="33.706" errors="0" timestamp="21 Nov 2023 09:30:09 GMT" skipped="0">
  <testcase classname="cuesz.schduletest.advocate.Case12_03_SE_create_staffevent" name="advocatecreatestaffEventTest" time="33.706"/>
</testsuite> <!-- cuesz.schduletest.advocate.Case12_03_SE_create_staffevent -->
