<?xml version="1.0" encoding="UTF-8"?>
<!-- Generated by org.testng.reporters.JUnitReportReporter -->
<testsuite hostname="cpe-192-180-5-27.kya.res.rr.com" failures="0" tests="1" name="cuesz.dashboard.advocate.Step14_DB_Clocktest" time="16.112" errors="0" timestamp="05 Dec 2023 08:08:15 GMT" skipped="0">
  <testcase classname="cuesz.dashboard.advocate.Step14_DB_Clocktest" name="advocateScheduleEventTest" time="16.112"/>
</testsuite> <!-- cuesz.dashboard.advocate.Step14_DB_Clocktest -->
