<?xml version="1.0" encoding="UTF-8"?>
<!-- Generated by org.testng.reporters.JUnitReportReporter -->
<testsuite hostname="cpe-192-180-5-27.kya.res.rr.com" failures="0" tests="1" name="cuesz.membersummary.fuelreport.advocate.Case82_FuelRecommendationtest" time="92.585" errors="0" timestamp="01 Dec 2023 12:36:53 GMT" skipped="0">
  <testcase classname="cuesz.membersummary.fuelreport.advocate.Case82_FuelRecommendationtest" name="advocateMemberhoverTest" time="92.585"/>
</testsuite> <!-- cuesz.membersummary.fuelreport.advocate.Case82_FuelRecommendationtest -->
