<?xml version="1.0" encoding="UTF-8"?>
<!-- Generated by org.testng.reporters.JUnitReportReporter -->
<testsuite hostname="Taraniya" failures="0" tests="1" name="cuesz.schduletest.advocate.Case01_createventtest" time="46.864" errors="0" timestamp="2023-09-08T23:07:29 IST" skipped="0">
  <testcase classname="cuesz.schduletest.advocate.Case01_createventtest" name="advocateSchedulecreateeventTest" time="46.864"/>
  <system-out/>
</testsuite> <!-- cuesz.schduletest.advocate.Case01_createventtest -->
