<?xml version="1.0" encoding="UTF-8"?>
<!-- Generated by org.testng.reporters.JUnitReportReporter -->
<testsuite hostname="ChicMics-Mac-mini-2.local" failures="0" tests="1" name="cuesz.membersummarytest.advocate.Case17_MS_profle" time="39.876" errors="0" timestamp="2023-08-17T19:10:39 IST" skipped="0">
  <testcase classname="cuesz.membersummarytest.advocate.Case17_MS_profle" name="advocateScheduleEventTest" time="39.876"/>
</testsuite> <!-- cuesz.membersummarytest.advocate.Case17_MS_profle -->
