<?xml version="1.0" encoding="UTF-8"?>
<!-- Generated by org.testng.reporters.JUnitReportReporter -->
<testsuite hostname="cpe-192-180-5-27.kya.res.rr.com" failures="0" tests="1" name="cuesz.schduletest.advocate.Case12_01_SE_createvent_withouttime" time="24.396" errors="0" timestamp="22 Sept 2023 20:36:54 GMT" skipped="0">
  <testcase classname="cuesz.schduletest.advocate.Case12_01_SE_createvent_withouttime" name="advocatecreateEventwithouttimeTest" time="24.396"/>
</testsuite> <!-- cuesz.schduletest.advocate.Case12_01_SE_createvent_withouttime -->
