<?xml version="1.0" encoding="UTF-8"?>
<!-- Generated by org.testng.reporters.JUnitReportReporter -->
<testsuite hostname="cpe-192-180-5-27.kya.res.rr.com" failures="0" tests="1" name="cuesz.schduletest.advocate.Case04_deleteventtest" time="30.577" errors="0" timestamp="21 Nov 2023 07:08:31 GMT" skipped="0">
  <testcase classname="cuesz.schduletest.advocate.Case04_deleteventtest" name="advocateScheduledeleteEventTest" time="30.577"/>
</testsuite> <!-- cuesz.schduletest.advocate.Case04_deleteventtest -->
