<?xml version="1.0" encoding="UTF-8"?>
<!-- Generated by org.testng.reporters.JUnitReportReporter -->
<testsuite hostname="192-180-005-027.res.spectrum.com" failures="0" tests="1" name="cuesz02.Iosapp_member_home_PerformScreen.Case12_Perform_additionalactivity_deleteprocess" time="100.474" errors="0" timestamp="20 Dec 2023 13:47:33 GMT" skipped="0">
  <testcase classname="cuesz02.Iosapp_member_home_PerformScreen.Case12_Perform_additionalactivity_deleteprocess" name="perfom_additionaldeleteactivty" time="100.474"/>
</testsuite> <!-- cuesz02.Iosapp_member_home_PerformScreen.Case12_Perform_additionalactivity_deleteprocess -->
