<?xml version="1.0" encoding="UTF-8"?>
<!-- Generated by org.testng.reporters.JUnitReportReporter -->
<testsuite hostname="cpe-192-180-5-27.kya.res.rr.com" failures="0" tests="1" name="cuesz.schduletest.advocate.Step12_08_SE_createventtest" time="29.617" errors="0" timestamp="01 Dec 2023 09:53:45 GMT" skipped="0">
  <testcase classname="cuesz.schduletest.advocate.Step12_08_SE_createventtest" name="advocateSchedulefromcalendarEventTest" time="29.617"/>
</testsuite> <!-- cuesz.schduletest.advocate.Step12_08_SE_createventtest -->
