<?xml version="1.0" encoding="UTF-8"?>
<!-- Generated by org.testng.reporters.JUnitReportReporter -->
<testsuite hostname="cpe-192-180-5-27.kya.res.rr.com" failures="0" tests="1" name="cuesz.schduletest.advocate.Case06_SE_withouttime" time="29.899" errors="0" timestamp="01 Dec 2023 08:58:08 GMT" skipped="0">
  <testcase classname="cuesz.schduletest.advocate.Case06_SE_withouttime" name="advocateSchedulewithoutimeTest" time="29.899"/>
</testsuite> <!-- cuesz.schduletest.advocate.Case06_SE_withouttime -->
