<?xml version="1.0" encoding="UTF-8"?>
<!-- Generated by org.testng.reporters.JUnitReportReporter -->
<testsuite hostname="Taraniya" failures="0" tests="1" name="cuesz.membersummarygraph.advocate.Case61_InsightsDashboardtest" time="50.617" errors="0" timestamp="2023-08-30T00:49:18 IST" skipped="0">
  <testcase classname="cuesz.membersummarygraph.advocate.Case61_InsightsDashboardtest" name="advocateMemberhoverTest" time="50.617"/>
  <system-out/>
</testsuite> <!-- cuesz.membersummarygraph.advocate.Case61_InsightsDashboardtest -->
