<?xml version="1.0" encoding="UTF-8"?>
<!-- Generated by org.testng.reporters.JUnitReportReporter -->
<testsuite hostname="cpe-192-180-5-27.kya.res.rr.com" failures="0" tests="1" name="cuesz.membersummary.fuelreport.advocate.Case70_Fueldashboardcalculatorstest" time="36.005" errors="0" timestamp="06 Oct 2023 18:06:37 GMT" skipped="0">
  <testcase classname="cuesz.membersummary.fuelreport.advocate.Case70_Fueldashboardcalculatorstest" name="advocateMemberhoverTest" time="36.005"/>
</testsuite> <!-- cuesz.membersummary.fuelreport.advocate.Case70_Fueldashboardcalculatorstest -->
