<?xml version="1.0" encoding="UTF-8"?>
<!-- Generated by org.testng.reporters.JUnitReportReporter -->
<testsuite hostname="Taraniya" failures="0" tests="1" name="cuesz.logictest.advocate.Case42_MSL_Performtest" time="119.624" errors="0" timestamp="2023-09-13T23:23:18 IST" skipped="0">
  <testcase classname="cuesz.logictest.advocate.Case42_MSL_Performtest" name="advocatelogicmemberTest" time="119.624"/>
  <system-out/>
</testsuite> <!-- cuesz.logictest.advocate.Case42_MSL_Performtest -->
