<?xml version="1.0" encoding="UTF-8"?>
<!-- Generated by org.testng.reporters.JUnitReportReporter -->
<testsuite hostname="cpe-192-180-0-80.kya.res.rr.com" failures="0" tests="1" name="dashboard.coach.Step13_DB_notificationtest" time="36.570" errors="0" timestamp="2023-08-24T16:38:24 IST" skipped="0">
  <testcase classname="dashboard.coach.Step13_DB_notificationtest" name="advocateScheduleEventTest" time="36.570"/>
</testsuite> <!-- dashboard.coach.Step13_DB_notificationtest -->
