<?xml version="1.0" encoding="UTF-8"?>
<!-- Generated by org.testng.reporters.JUnitReportReporter -->
<testsuite hostname="cpe-192-180-0-80.kya.res.rr.com" failures="0" tests="1" name="cuesz.membersummarytest.advocate.Case15_MS_memberhoverdetail" time="37.725" errors="0" timestamp="2023-09-12T13:04:52 IST" skipped="0">
  <testcase classname="cuesz.membersummarytest.advocate.Case15_MS_memberhoverdetail" name="advocateMemberhoverTest" time="37.725"/>
</testsuite> <!-- cuesz.membersummarytest.advocate.Case15_MS_memberhoverdetail -->
