<?xml version="1.0" encoding="UTF-8"?>
<!-- Generated by org.testng.reporters.JUnitReportReporter -->
<testsuite hostname="192-180-005-027.res.spectrum.com" failures="0" tests="1" name="cuesz.logintest.AdvocateLogin" time="3.608" errors="0" timestamp="26 Dec 2023 05:51:41 GMT" skipped="0">
  <testcase classname="cuesz.logintest.AdvocateLogin" name="testAdvocateLogin" time="3.608"/>
</testsuite> <!-- cuesz.logintest.AdvocateLogin -->
