<?xml version="1.0" encoding="UTF-8"?>
<!-- Generated by org.testng.reporters.JUnitReportReporter -->
<testsuite hostname="Taraniya" failures="0" tests="1" name="cuesz.logictest.advocate.Case43_MSL_Fueltest" time="59.743" errors="0" timestamp="2023-09-20T23:48:45 IST" skipped="0">
  <testcase classname="cuesz.logictest.advocate.Case43_MSL_Fueltest" name="advocatelogicmemberTest" time="59.743"/>
  <system-out/>
</testsuite> <!-- cuesz.logictest.advocate.Case43_MSL_Fueltest -->
