<?xml version="1.0" encoding="UTF-8"?>
<!-- Generated by org.testng.reporters.JUnitReportReporter -->
<testsuite hostname="Taraniya" failures="0" tests="1" name="cuesz.membersummary.fuelreport.advocate.Case67_Fueldashboard1test" time="127.338" errors="0" timestamp="2023-10-28T20:00:21 IST" skipped="0">
  <testcase classname="cuesz.membersummary.fuelreport.advocate.Case67_Fueldashboard1test" name="advocateMemberhoverTest" time="127.338"/>
  <system-out/>
</testsuite> <!-- cuesz.membersummary.fuelreport.advocate.Case67_Fueldashboard1test -->
