<?xml version="1.0" encoding="UTF-8"?>
<!-- Generated by org.testng.reporters.JUnitReportReporter -->
<testsuite hostname="cpe-192-180-5-27.kya.res.rr.com" failures="0" tests="1" name="cuesz.schduletest.advocate.Case09_MC_viewevent" time="34.393" errors="0" timestamp="21 Nov 2023 09:11:12 GMT" skipped="0">
  <testcase classname="cuesz.schduletest.advocate.Case09_MC_viewevent" name="advocateScheduleEventTest" time="34.393"/>
</testsuite> <!-- cuesz.schduletest.advocate.Case09_MC_viewevent -->
