<?xml version="1.0" encoding="UTF-8"?>
<!-- Generated by org.testng.reporters.JUnitReportReporter -->
<testsuite hostname="cpe-192-180-5-27.kya.res.rr.com" failures="0" tests="1" name="cuesz.Iosapp.Case04_Homescreen_weekdays_past" time="5.306" errors="0" timestamp="25 Sept 2023 13:50:57 GMT" skipped="0">
  <testcase classname="cuesz.Iosapp.Case04_Homescreen_weekdays_past" name="Homescreen_weekdays" time="5.306"/>
</testsuite> <!-- cuesz.Iosapp.Case04_Homescreen_weekdays_past -->
