<?xml version="1.0" encoding="UTF-8"?>
<!-- Generated by org.testng.reporters.JUnitReportReporter -->
<testsuite hostname="Taraniya" failures="0" tests="1" name="cuesz.membersummarytest.advocate.Case15_MS_memberhoverdetail" time="62.636" errors="0" timestamp="2023-11-05T21:07:29 IST" skipped="0">
  <testcase classname="cuesz.membersummarytest.advocate.Case15_MS_memberhoverdetail" name="advocateMemberhoverTest" time="62.636"/>
  <system-out/>
</testsuite> <!-- cuesz.membersummarytest.advocate.Case15_MS_memberhoverdetail -->
