<?xml version="1.0" encoding="UTF-8"?>
<!-- Generated by org.testng.reporters.JUnitReportReporter -->
<testsuite hostname="cpe-192-180-5-27.kya.res.rr.com" failures="0" tests="1" name="cuesz.logictest.advocate.Case44_MSL_Mindfultest" time="95.133" errors="0" timestamp="23 Sept 2023 02:17:54 GMT" skipped="0">
  <testcase classname="cuesz.logictest.advocate.Case44_MSL_Mindfultest" name="advocatelogicmemberTest" time="95.133"/>
</testsuite> <!-- cuesz.logictest.advocate.Case44_MSL_Mindfultest -->
