<?xml version="1.0" encoding="UTF-8"?>
<!-- Generated by org.testng.reporters.JUnitReportReporter -->
<testsuite hostname="Taraniya" failures="0" tests="1" name="cuesz.logictest.advocate.Case42_MSL_Performtest" time="135.714" errors="0" timestamp="2023-09-20T23:34:10 IST" skipped="0">
  <testcase classname="cuesz.logictest.advocate.Case42_MSL_Performtest" name="advocatelogicmemberTest" time="135.714"/>
  <system-out/>
</testsuite> <!-- cuesz.logictest.advocate.Case42_MSL_Performtest -->
