<?xml version="1.0" encoding="UTF-8"?>
<!-- Generated by org.testng.reporters.JUnitReportReporter -->
<testsuite hostname="Taraniya" failures="0" tests="1" name="cuesz.membersummarytest.advocate.Case29_MS_Editnewgoaltest" time="75.789" errors="0" timestamp="2023-09-24T23:31:14 IST" skipped="0">
  <testcase classname="cuesz.membersummarytest.advocate.Case29_MS_Editnewgoaltest" name="advocateeditgoaltTest" time="75.789"/>
  <system-out/>
</testsuite> <!-- cuesz.membersummarytest.advocate.Case29_MS_Editnewgoaltest -->
