<?xml version="1.0" encoding="UTF-8"?>
<!-- Generated by org.testng.reporters.JUnitReportReporter -->
<testsuite hostname="Taraniya" failures="0" tests="1" name="cuesz.schduletest.advocate.Step12_09_SE_createeventforpasttest" time="21.045" errors="0" timestamp="2023-09-10T16:41:30 IST" skipped="0">
  <testcase classname="cuesz.schduletest.advocate.Step12_09_SE_createeventforpasttest" name="advocateSchedulefromcalendarEventTest" time="21.045"/>
  <system-out/>
</testsuite> <!-- cuesz.schduletest.advocate.Step12_09_SE_createeventforpasttest -->
