<?xml version="1.0" encoding="UTF-8"?>
<!-- Generated by org.testng.reporters.JUnitReportReporter -->
<testsuite hostname="cpe-192-180-0-80.kya.res.rr.com" failures="0" tests="1" name="cuesz.membersummarytest.advocate.Case80_MS_Sessionoutcometest" time="53.169" errors="0" timestamp="2023-09-19T16:07:54 IST" skipped="0">
  <testcase classname="cuesz.membersummarytest.advocate.Case80_MS_Sessionoutcometest" name="advocateScheduleEventTest" time="53.169"/>
</testsuite> <!-- cuesz.membersummarytest.advocate.Case80_MS_Sessionoutcometest -->
