<?xml version="1.0" encoding="UTF-8"?>
<!-- Generated by org.testng.reporters.JUnitReportReporter -->
<testsuite hostname="cpe-192-180-0-80.kya.res.rr.com" failures="0" tests="1" name="cuesz.membersummary.fuelreport.advocate.Case67_Fueldashboardtest" time="40.679" errors="0" timestamp="2023-09-04T18:59:45 IST" skipped="0">
  <testcase classname="cuesz.membersummary.fuelreport.advocate.Case67_Fueldashboardtest" name="advocateMemberhoverTest" time="40.679"/>
</testsuite> <!-- cuesz.membersummary.fuelreport.advocate.Case67_Fueldashboardtest -->
