<?xml version="1.0" encoding="UTF-8"?>
<!-- Generated by org.testng.reporters.JUnitReportReporter -->
<testsuite hostname="cpe-192-180-1-209.kya.res.rr.com" failures="0" tests="1" name="cuesz.membersummarytest.advocate.Case32_MS_Bodyscanresulttest" time="67.561" errors="0" timestamp="2023-08-18T18:21:11 IST" skipped="0">
  <testcase classname="cuesz.membersummarytest.advocate.Case32_MS_Bodyscanresulttest" name="advocateScheduleEventTest" time="67.561"/>
</testsuite> <!-- cuesz.membersummarytest.advocate.Case32_MS_Bodyscanresulttest -->
