<?xml version="1.0" encoding="UTF-8"?>
<!-- Generated by org.testng.reporters.JUnitReportReporter -->
<testsuite hostname="cpe-192-180-5-27.kya.res.rr.com" failures="0" tests="1" name="cuesz.schduletest.advocate.Case12_06_SE_delete_staffevent" time="27.029" errors="0" timestamp="27 Sept 2023 16:59:03 GMT" skipped="0">
  <testcase classname="cuesz.schduletest.advocate.Case12_06_SE_delete_staffevent" name="advocatedeletestaffEventTest" time="27.029"/>
</testsuite> <!-- cuesz.schduletest.advocate.Case12_06_SE_delete_staffevent -->
