<?xml version="1.0" encoding="UTF-8"?>
<!-- Generated by org.testng.reporters.JUnitReportReporter -->
<testsuite hostname="cpe-192-180-0-80.kya.res.rr.com" failures="0" tests="1" name="cuesz.schduletest.advocate.Case05_daymonthweektest" time="17.269" errors="0" timestamp="2023-09-12T12:56:40 IST" skipped="0">
  <testcase classname="cuesz.schduletest.advocate.Case05_daymonthweektest" name="advocateScheduleEventdaymonthweekTest" time="17.269"/>
</testsuite> <!-- cuesz.schduletest.advocate.Case05_daymonthweektest -->
