<?xml version="1.0" encoding="UTF-8"?>
<!-- Generated by org.testng.reporters.JUnitReportReporter -->
<testsuite hostname="cpe-192-180-1-209.kya.res.rr.com" failures="0" tests="1" name="cuesz.membersummarytest.advocate.Case27_MS_Restoreactivitytest" time="78.381" errors="0" timestamp="2023-08-18T16:27:43 IST" skipped="0">
  <testcase classname="cuesz.membersummarytest.advocate.Case27_MS_Restoreactivitytest" name="advocateScheduleEventTest" time="78.381"/>
</testsuite> <!-- cuesz.membersummarytest.advocate.Case27_MS_Restoreactivitytest -->
