<?xml version="1.0" encoding="UTF-8"?>
<!-- Generated by org.testng.reporters.JUnitReportReporter -->
<testsuite hostname="cpe-192-180-0-81.kya.res.rr.com" failures="0" tests="1" name="cuesz.membersummarytest.advocate.Case24_MS_Mindfulactivitytest" time="74.097" errors="0" timestamp="2023-08-18T14:49:30 IST" skipped="0">
  <testcase classname="cuesz.membersummarytest.advocate.Case24_MS_Mindfulactivitytest" name="advocateScheduleEventTest" time="74.097"/>
</testsuite> <!-- cuesz.membersummarytest.advocate.Case24_MS_Mindfulactivitytest -->
