<?xml version="1.0" encoding="UTF-8"?>
<!-- Generated by org.testng.reporters.JUnitReportReporter -->
<testsuite hostname="cpe-192-180-5-27.kya.res.rr.com" failures="0" tests="1" name="cuesz01.Iosapp_member_homeScreen.Case05_Homescreen_arrows" time="57.789" errors="0" timestamp="06 Oct 2023 09:49:10 GMT" skipped="0">
  <testcase classname="cuesz01.Iosapp_member_homeScreen.Case05_Homescreen_arrows" name="Homescreensperators" time="57.789"/>
</testsuite> <!-- cuesz01.Iosapp_member_homeScreen.Case05_Homescreen_arrows -->
