<?xml version="1.0" encoding="UTF-8"?>
<!-- Generated by org.testng.reporters.JUnitReportReporter -->
<testsuite hostname="cpe-192-180-5-27.kya.res.rr.com" failures="0" tests="1" name="cuesz.membersummarytest.advocate.Case23_MS_performactivitytest" time="65.890" errors="0" timestamp="09 Oct 2023 05:31:14 GMT" skipped="0">
  <testcase classname="cuesz.membersummarytest.advocate.Case23_MS_performactivitytest" name="advocateperformactivityTest" time="65.890"/>
</testsuite> <!-- cuesz.membersummarytest.advocate.Case23_MS_performactivitytest -->
