<?xml version="1.0" encoding="UTF-8"?>
<!-- Generated by org.testng.reporters.JUnitReportReporter -->
<testsuite hostname="cpe-192-180-5-27.kya.res.rr.com" failures="0" tests="1" name="cuesz.schduletest.advocate.Step12_11_SE_createventtimelongerthan15minformebercalltest" time="29.412" errors="0" timestamp="09 Oct 2023 10:32:12 GMT" skipped="0">
  <testcase classname="cuesz.schduletest.advocate.Step12_11_SE_createventtimelongerthan15minformebercalltest" name="advocateSchedulefromcalendarEventTest" time="29.412"/>
</testsuite> <!-- cuesz.schduletest.advocate.Step12_11_SE_createventtimelongerthan15minformebercalltest -->
