<?xml version="1.0" encoding="UTF-8"?>
<!-- Generated by org.testng.reporters.JUnitReportReporter -->
<testsuite hostname="192-180-005-027.res.spectrum.com" failures="0" tests="1" name="cuesz.membersummarytest.advocate.Case16_MS_searchclik" time="14.410" errors="0" timestamp="28 Dec 2023 07:52:11 GMT" skipped="0">
  <testcase classname="cuesz.membersummarytest.advocate.Case16_MS_searchclik" name="advocatemembersearchTest" time="14.410"/>
</testsuite> <!-- cuesz.membersummarytest.advocate.Case16_MS_searchclik -->
