<?xml version="1.0" encoding="UTF-8"?>
<!-- Generated by org.testng.reporters.JUnitReportReporter -->
<testsuite hostname="cpe-192-180-0-80.kya.res.rr.com" failures="0" tests="1" name="cuesz.schduletest.advocate.Case12_02_SE_createvent_withpastdate" time="31.322" errors="0" timestamp="2023-09-12T13:02:08 IST" skipped="0">
  <testcase classname="cuesz.schduletest.advocate.Case12_02_SE_createvent_withpastdate" name="advocateSchedulewithpastdateEventTest" time="31.322"/>
</testsuite> <!-- cuesz.schduletest.advocate.Case12_02_SE_createvent_withpastdate -->
