<?xml version="1.0" encoding="UTF-8"?>
<!-- Generated by org.testng.reporters.JUnitReportReporter -->
<testsuite hostname="Taraniya" failures="0" tests="1" name="cuesz.schduletest.advocate.Step12_08_SE_createventtest" time="41.720" errors="0" timestamp="2023-09-10T12:31:43 IST" skipped="0">
  <testcase classname="cuesz.schduletest.advocate.Step12_08_SE_createventtest" name="advocateSchedulefromcalendarEventTest" time="41.720"/>
  <system-out/>
</testsuite> <!-- cuesz.schduletest.advocate.Step12_08_SE_createventtest -->
