<?xml version="1.0" encoding="UTF-8"?>
<!-- Generated by org.testng.reporters.JUnitReportReporter -->
<testsuite hostname="cpe-192-180-5-27.kya.res.rr.com" failures="0" tests="1" name="cuesz.dashboard.advocate.Step12_DB_navlinktest" time="30.894" errors="0" timestamp="05 Dec 2023 07:51:10 GMT" skipped="0">
  <testcase classname="cuesz.dashboard.advocate.Step12_DB_navlinktest" name="advocateScheduleEventTest" time="30.894"/>
</testsuite> <!-- cuesz.dashboard.advocate.Step12_DB_navlinktest -->
