<?xml version="1.0" encoding="UTF-8"?>
<!-- Generated by org.testng.reporters.JUnitReportReporter -->
<testsuite hostname="cpe-192-180-0-80.kya.res.rr.com" failures="0" tests="1" name="cuesz.membersummarytest.advocate.Case23_MS_performactivitytest" time="65.081" errors="0" timestamp="2023-09-18T13:48:27 IST" skipped="0">
  <testcase classname="cuesz.membersummarytest.advocate.Case23_MS_performactivitytest" name="advocateperformactivityTest" time="65.081"/>
</testsuite> <!-- cuesz.membersummarytest.advocate.Case23_MS_performactivitytest -->
