<?xml version="1.0" encoding="UTF-8"?>
<!-- Generated by org.testng.reporters.JUnitReportReporter -->
<testsuite hostname="cpe-192-180-5-27.kya.res.rr.com" failures="0" tests="1" name="cuesz.utils.CapAPIResponse" time="14.315" errors="0" timestamp="28 Sept 2023 09:14:03 GMT" skipped="0">
  <testcase classname="cuesz.utils.CapAPIResponse" name="Apiresponse" time="14.315"/>
</testsuite> <!-- cuesz.utils.CapAPIResponse -->
