<?xml version="1.0" encoding="UTF-8"?>
<!-- Generated by org.testng.reporters.JUnitReportReporter -->
<testsuite hostname="cpe-192-180-0-80.kya.res.rr.com" failures="0" tests="1" name="cuesz.schduletest.advocate.Step12_09_SE_createeventforpasttest" time="22.198" errors="0" timestamp="2023-09-12T13:02:08 IST" skipped="0">
  <testcase classname="cuesz.schduletest.advocate.Step12_09_SE_createeventforpasttest" name="advocateSchedulefromcalendarEventTest" time="22.198"/>
</testsuite> <!-- cuesz.schduletest.advocate.Step12_09_SE_createeventforpasttest -->
