<?xml version="1.0" encoding="UTF-8"?>
<!-- Generated by org.testng.reporters.JUnitReportReporter -->
<testsuite hostname="Taraniya" failures="0" tests="1" name="cuesz.membersummarygraph.advocate.Case63_CorrelationAnalysistest" time="92.059" errors="0" timestamp="2023-09-02T15:58:34 IST" skipped="0">
  <testcase classname="cuesz.membersummarygraph.advocate.Case63_CorrelationAnalysistest" name="advocateMemberhoverTest" time="92.059"/>
  <system-out/>
</testsuite> <!-- cuesz.membersummarygraph.advocate.Case63_CorrelationAnalysistest -->
