<?xml version="1.0" encoding="UTF-8"?>
<!-- Generated by org.testng.reporters.JUnitReportReporter -->
<testsuite hostname="Taraniya" failures="0" tests="1" name="cuesz.membersummarytest.advocate.Case28_MS_Addnewgoaltest" time="54.382" errors="0" timestamp="2023-09-24T23:27:40 IST" skipped="0">
  <testcase classname="cuesz.membersummarytest.advocate.Case28_MS_Addnewgoaltest" name="advocateAddnewgoalTest" time="54.382"/>
  <system-out/>
</testsuite> <!-- cuesz.membersummarytest.advocate.Case28_MS_Addnewgoaltest -->
