<?xml version="1.0" encoding="UTF-8"?>
<!-- Generated by org.testng.reporters.JUnitReportReporter -->
<testsuite hostname="cpe-192-180-0-80.kya.res.rr.com" failures="0" tests="1" name="cuesz.membercommunication.advocate.Case47_Membersearchtest" time="56.175" errors="0" timestamp="2023-09-13T17:57:25 IST" skipped="0">
  <testcase classname="cuesz.membercommunication.advocate.Case47_Membersearchtest" name="advocatecmembercommunictaeTest" time="56.175"/>
</testsuite> <!-- cuesz.membercommunication.advocate.Case47_Membersearchtest -->
