<?xml version="1.0" encoding="UTF-8"?>
<!-- Generated by org.testng.reporters.JUnitReportReporter -->
<testsuite hostname="192-180-005-027.res.spectrum.com" failures="0" tests="1" name="cuesz.logictest.advocate.Case42_01_MSL_Perform_currentdaytest" time="92.408" errors="0" timestamp="21 Dec 2023 06:28:15 GMT" skipped="0">
  <testcase classname="cuesz.logictest.advocate.Case42_01_MSL_Perform_currentdaytest" name="advocatelogicmemberTest" time="92.408"/>
</testsuite> <!-- cuesz.logictest.advocate.Case42_01_MSL_Perform_currentdaytest -->
