<?xml version="1.0" encoding="UTF-8"?>
<!-- Generated by org.testng.reporters.JUnitReportReporter -->
<testsuite hostname="cpe-192-180-0-80.kya.res.rr.com" failures="0" tests="1" name="cuesz.membersummarytest.advocate.Case16_MS_searchclik" time="54.332" errors="0" timestamp="2023-09-07T15:08:50 IST" skipped="0">
  <testcase classname="cuesz.membersummarytest.advocate.Case16_MS_searchclik" name="advocatemembersearchTest" time="54.332"/>
</testsuite> <!-- cuesz.membersummarytest.advocate.Case16_MS_searchclik -->
