<?xml version="1.0" encoding="UTF-8"?>
<!-- Generated by org.testng.reporters.JUnitReportReporter -->
<testsuite hostname="cpe-192-180-5-27.kya.res.rr.com" failures="0" tests="1" name="cuesz.schduletest.advocate.Case02_vieweventtest" time="21.877" errors="0" timestamp="27 Sept 2023 16:47:18 GMT" skipped="0">
  <testcase classname="cuesz.schduletest.advocate.Case02_vieweventtest" name="advocateScheduleviewEventTest" time="21.877"/>
</testsuite> <!-- cuesz.schduletest.advocate.Case02_vieweventtest -->
