<?xml version="1.0" encoding="UTF-8"?>
<!-- Generated by org.testng.reporters.JUnitReportReporter -->
<testsuite hostname="cpe-192-180-0-80.kya.res.rr.com" failures="0" tests="1" name="cuesz.membersummarytest.advocate.Case17_MS_profle" time="37.172" errors="0" timestamp="2023-09-07T15:12:50 IST" skipped="0">
  <testcase classname="cuesz.membersummarytest.advocate.Case17_MS_profle" name="advocatemembersummaryprofileTest" time="37.172"/>
</testsuite> <!-- cuesz.membersummarytest.advocate.Case17_MS_profle -->
