<?xml version="1.0" encoding="UTF-8"?>
<!-- Generated by org.testng.reporters.JUnitReportReporter -->
<testsuite hostname="Taraniya" failures="0" tests="1" name="cuesz.logictest.advocate.Case45_MSL_restoretest" time="240.866" errors="0" timestamp="2023-08-25T22:54:01 IST" skipped="0">
  <testcase classname="cuesz.logictest.advocate.Case45_MSL_restoretest" name="advocatelogicmemberTest" time="240.866"/>
  <system-out/>
</testsuite> <!-- cuesz.logictest.advocate.Case45_MSL_restoretest -->
