<?xml version="1.0" encoding="UTF-8"?>
<!-- Generated by org.testng.reporters.JUnitReportReporter -->
<testsuite hostname="Taraniya" failures="0" tests="1" name="cuesz.logictest.advocate.Case42_01_MSL_Perform_currentdaytest" time="102.771" errors="0" timestamp="2023-10-30T22:43:58 IST" skipped="0">
  <testcase classname="cuesz.logictest.advocate.Case42_01_MSL_Perform_currentdaytest" name="advocatelogicmemberTest" time="102.771"/>
  <system-out/>
</testsuite> <!-- cuesz.logictest.advocate.Case42_01_MSL_Perform_currentdaytest -->
