<?xml version="1.0" encoding="UTF-8"?>
<!-- Generated by org.testng.reporters.JUnitReportReporter -->
<testsuite hostname="cpe-192-180-5-27.kya.res.rr.com" failures="0" tests="1" name="cuesz.membersummarygraph.advocate.Case66_TrainingLoadAnalysistest" time="45.418" errors="0" timestamp="06 Oct 2023 17:58:35 GMT" skipped="0">
  <testcase classname="cuesz.membersummarygraph.advocate.Case66_TrainingLoadAnalysistest" name="advocateMemberhoverTest" time="45.418"/>
</testsuite> <!-- cuesz.membersummarygraph.advocate.Case66_TrainingLoadAnalysistest -->
