<?xml version="1.0" encoding="UTF-8"?>
<!-- Generated by org.testng.reporters.JUnitReportReporter -->
<testsuite hostname="cpe-192-180-5-27.kya.res.rr.com" failures="0" tests="1" name="cuesz.logictest.advocate.Case38_MSL_Notificationtest" time="51.280" errors="0" timestamp="27 Sept 2023 15:31:45 GMT" skipped="0">
  <testcase classname="cuesz.logictest.advocate.Case38_MSL_Notificationtest" name="advocatelogicmemberTest" time="51.280"/>
</testsuite> <!-- cuesz.logictest.advocate.Case38_MSL_Notificationtest -->
