<?xml version="1.0" encoding="UTF-8"?>
<!-- Generated by org.testng.reporters.JUnitReportReporter -->
<testsuite hostname="cpe-192-180-5-27.kya.res.rr.com" failures="0" tests="1" name="cuesz.Iosapp.Case04_Homescreen_weekdays_past" time="62.523" errors="0" timestamp="26 Sept 2023 10:28:39 GMT" skipped="0">
  <testcase classname="cuesz.Iosapp.Case04_Homescreen_weekdays_past" name="Homescreen_weekdays" time="62.523"/>
</testsuite> <!-- cuesz.Iosapp.Case04_Homescreen_weekdays_past -->
