<?xml version="1.0" encoding="UTF-8"?>
<!-- Generated by org.testng.reporters.JUnitReportReporter -->
<testsuite hostname="cpe-192-180-5-27.kya.res.rr.com" failures="0" tests="1" name="cuesz.logictest.advocate.Case42_01_MSL_Perform_currentdaytest" time="93.213" errors="0" timestamp="22 Nov 2023 05:52:06 GMT" skipped="0">
  <testcase classname="cuesz.logictest.advocate.Case42_01_MSL_Perform_currentdaytest" name="advocatelogicmemberTest" time="93.213"/>
</testsuite> <!-- cuesz.logictest.advocate.Case42_01_MSL_Perform_currentdaytest -->
