<?xml version="1.0" encoding="UTF-8"?>
<!-- Generated by org.testng.reporters.JUnitReportReporter -->
<testsuite hostname="cpe-192-180-0-80.kya.res.rr.com" failures="0" tests="1" name="cuesz.logictest.advocate.Case45_MSL_restoretest" time="170.202" errors="0" timestamp="2023-09-14T16:10:44 IST" skipped="0">
  <testcase classname="cuesz.logictest.advocate.Case45_MSL_restoretest" name="advocatelogicmemberTest" time="170.202"/>
</testsuite> <!-- cuesz.logictest.advocate.Case45_MSL_restoretest -->
