<?xml version="1.0" encoding="UTF-8"?>
<!-- Generated by org.testng.reporters.JUnitReportReporter -->
<testsuite hostname="cpe-192-180-0-80.kya.res.rr.com" failures="0" tests="1" name="cuesz.schduletest.advocate.Case05_daymonthweektest" time="13.948" errors="0" timestamp="2023-09-14T18:36:24 IST" skipped="0">
  <testcase classname="cuesz.schduletest.advocate.Case05_daymonthweektest" name="advocateScheduleEventdaymonthweekTest" time="13.948"/>
</testsuite> <!-- cuesz.schduletest.advocate.Case05_daymonthweektest -->
