<?xml version="1.0" encoding="UTF-8"?>
<!-- Generated by org.testng.reporters.JUnitReportReporter -->
<testsuite hostname="cpe-192-180-1-209.kya.res.rr.com" failures="0" tests="1" name="cuesz.membersummarytest.advocate.Case25_MS_Mindfulsettingtest" time="62.652" errors="0" timestamp="2023-08-18T15:17:05 IST" skipped="0">
  <testcase classname="cuesz.membersummarytest.advocate.Case25_MS_Mindfulsettingtest" name="advocateScheduleEventTest" time="62.652"/>
</testsuite> <!-- cuesz.membersummarytest.advocate.Case25_MS_Mindfulsettingtest -->
