<?xml version="1.0" encoding="UTF-8"?>
<!-- Generated by org.testng.reporters.JUnitReportReporter -->
<testsuite hostname="cpe-192-180-5-27.kya.res.rr.com" failures="0" tests="1" name="cuesz.logictest.advocate.Case42_MSL_Performtest" time="96.006" errors="0" timestamp="08 Dec 2023 08:27:07 GMT" skipped="0">
  <testcase classname="cuesz.logictest.advocate.Case42_MSL_Performtest" name="advocatelogicmemberTest" time="96.006"/>
</testsuite> <!-- cuesz.logictest.advocate.Case42_MSL_Performtest -->
