<?xml version="1.0" encoding="UTF-8"?>
<!-- Generated by org.testng.reporters.JUnitReportReporter -->
<testsuite hostname="cpe-192-180-5-27.kya.res.rr.com" failures="0" tests="1" name="cuesz.logictest.advocate.Case45_MSL_restore_currenttest" time="67.800" errors="0" timestamp="23 Nov 2023 05:26:28 GMT" skipped="0">
  <testcase classname="cuesz.logictest.advocate.Case45_MSL_restore_currenttest" name="advocatelogicmemberTest" time="67.800"/>
</testsuite> <!-- cuesz.logictest.advocate.Case45_MSL_restore_currenttest -->
