<?xml version="1.0" encoding="UTF-8"?>
<!-- Generated by org.testng.reporters.JUnitReportReporter -->
<testsuite hostname="cpe-192-180-5-27.kya.res.rr.com" failures="0" tests="1" name="cuesz.schduletest.advocate.Case05_daymonthweektest" time="13.453" errors="0" timestamp="25 Sept 2023 14:12:16 GMT" skipped="0">
  <testcase classname="cuesz.schduletest.advocate.Case05_daymonthweektest" name="advocateScheduleEventdaymonthweekTest" time="13.453"/>
</testsuite> <!-- cuesz.schduletest.advocate.Case05_daymonthweektest -->
