<?xml version="1.0" encoding="UTF-8"?>
<!-- Generated by org.testng.reporters.JUnitReportReporter -->
<testsuite hostname="cpe-192-180-5-27.kya.res.rr.com" failures="0" tests="1" name="cuesz.membercommunication.advocate.Case75_Newchattest" time="39.732" errors="0" timestamp="08 Dec 2023 08:16:22 GMT" skipped="0">
  <testcase classname="cuesz.membercommunication.advocate.Case75_Newchattest" name="advocatecmembercommunictaeTest" time="39.732"/>
</testsuite> <!-- cuesz.membercommunication.advocate.Case75_Newchattest -->
