<?xml version="1.0" encoding="UTF-8"?>
<!-- Generated by org.testng.reporters.JUnitReportReporter -->
<testsuite hostname="Taraniya" failures="0" tests="1" name="cuesz.membersummarytest.advocate.Case28_MS_Addnewgoaltest" time="51.472" errors="0" timestamp="2023-11-05T21:15:45 IST" skipped="0">
  <testcase classname="cuesz.membersummarytest.advocate.Case28_MS_Addnewgoaltest" name="advocateAddnewgoalTest" time="51.472"/>
  <system-out/>
</testsuite> <!-- cuesz.membersummarytest.advocate.Case28_MS_Addnewgoaltest -->
