<?xml version="1.0" encoding="UTF-8"?>
<!-- Generated by org.testng.reporters.JUnitReportReporter -->
<testsuite hostname="cpe-192-180-5-27.kya.res.rr.com" failures="0" tests="1" name="cuesz.membersummarytest.advocate.Case23_MS_performactivitytest" time="66.326" errors="0" timestamp="08 Dec 2023 08:24:08 GMT" skipped="0">
  <testcase classname="cuesz.membersummarytest.advocate.Case23_MS_performactivitytest" name="advocateperformactivityTest" time="66.326"/>
</testsuite> <!-- cuesz.membersummarytest.advocate.Case23_MS_performactivitytest -->
