<?xml version="1.0" encoding="UTF-8"?>
<!-- Generated by org.testng.reporters.JUnitReportReporter -->
<testsuite hostname="cpe-192-180-0-80.kya.res.rr.com" failures="0" tests="1" name="cuesz.membercommunication.advocate.Case46_Membercommunictaiontest" time="10.932" errors="0" timestamp="2023-09-13T17:01:15 IST" skipped="0">
  <testcase classname="cuesz.membercommunication.advocate.Case46_Membercommunictaiontest" name="advocatecmembercommunictaeTest" time="10.932"/>
</testsuite> <!-- cuesz.membercommunication.advocate.Case46_Membercommunictaiontest -->
