<?xml version="1.0" encoding="UTF-8"?>
<!-- Generated by org.testng.reporters.JUnitReportReporter -->
<testsuite hostname="Taraniya" failures="0" tests="1" name="cuesz.logictest.advocate.Case34_MSL_MemberBasicinfotest" time="110.771" errors="0" timestamp="2023-09-10T17:09:07 IST" skipped="0">
  <testcase classname="cuesz.logictest.advocate.Case34_MSL_MemberBasicinfotest" name="advocatelogicmemberTest" time="110.771"/>
  <system-out/>
</testsuite> <!-- cuesz.logictest.advocate.Case34_MSL_MemberBasicinfotest -->
