<?xml version="1.0" encoding="UTF-8"?>
<!-- Generated by org.testng.reporters.JUnitReportReporter -->
<testsuite hostname="cpe-192-180-0-80.kya.res.rr.com" failures="0" tests="1" name="cuesz.membersummary.fuelreport.advocate.Case82_FuelRecommendationtest" time="32.803" errors="0" timestamp="2023-09-21T18:45:52 IST" skipped="0">
  <testcase classname="cuesz.membersummary.fuelreport.advocate.Case82_FuelRecommendationtest" name="advocateMemberhoverTest" time="32.803"/>
</testsuite> <!-- cuesz.membersummary.fuelreport.advocate.Case82_FuelRecommendationtest -->
