<?xml version="1.0" encoding="UTF-8"?>
<!-- Generated by org.testng.reporters.JUnitReportReporter -->
<testsuite hostname="cpe-192-180-0-80.kya.res.rr.com" failures="0" tests="1" name="cuesz.membersummarytest.advocate.Case77_MS_uplaodtonnage_Physiologicaltest" time="32.673" errors="0" timestamp="2023-09-19T14:24:34 IST" skipped="0">
  <testcase classname="cuesz.membersummarytest.advocate.Case77_MS_uplaodtonnage_Physiologicaltest" name="advocateScheduleEventTest" time="32.673"/>
</testsuite> <!-- cuesz.membersummarytest.advocate.Case77_MS_uplaodtonnage_Physiologicaltest -->
