<?xml version="1.0" encoding="UTF-8"?>
<!-- Generated by org.testng.reporters.JUnitReportReporter -->
<testsuite hostname="cpe-192-180-0-80.kya.res.rr.com" failures="0" tests="1" name="cuesz.membercommunication.advocate.Case75_Newchattest" time="40.917" errors="0" timestamp="2023-09-19T11:46:52 IST" skipped="0">
  <testcase classname="cuesz.membercommunication.advocate.Case75_Newchattest" name="advocatecmembercommunictaeTest" time="40.917"/>
</testsuite> <!-- cuesz.membercommunication.advocate.Case75_Newchattest -->
